2018-12-07 11:42:52,113|I|Thread-1|(DELAYED) nexial-core dev_0316 starting up...
2018-12-07 11:42:52,120|I|Thread-1|(DELAYED) data file resolved as C:\Users\AL2075\AppData\Local\Temp\GTpNq\MyFirstProject.data.xlsx
2018-12-07 11:42:52,120|I|Thread-1|(DELAYED) input files and output directory resolved...
2018-12-07 11:42:52,120|I|Thread-1|(DELAYED) No predefined nexial-setup found
2018-12-07 11:42:52,120|I|Thread-1|(DELAYED) [20181207_114251] [C:\projects\MyFirstProject\artifact\script\MyFirstProject.xlsx] resolve RUN ID as 20181207_114251
2018-12-07 11:42:52,120|I|Thread-1|(DELAYED) [20181207_114251] [C:\projects\MyFirstProject\artifact\script\MyFirstProject.xlsx] new thread started
2018-12-07 11:42:52,122|I|Thread-1|No predefined nexial-setup found
2018-12-07 11:42:53,252|I|Thread-1|outputBase not set; output-to-cloud DISABLED!
2018-12-07 11:42:53,253|I|Thread-1|accessKey not set; output-to-cloud DISABLED!
2018-12-07 11:42:53,254|I|Thread-1|secretKey not set; output-to-cloud DISABLED!
2018-12-07 11:42:53,268|I|Thread-1|missing REQUIRED configuration; sms DISABLED!
2018-12-07 11:42:53,430|I|Thread-1|[20181207_114251] executing C:\projects\MyFirstProject\artifact\script\MyFirstProject.xlsx. [1] total 1
2018-12-07 11:42:53,437|I|Thread-1|[20181207_114251] create directory C:\projects\MyFirstProject\output\20181207_114251\captures
2018-12-07 11:42:53,438|I|Thread-1|[20181207_114251] create directory C:\projects\MyFirstProject\output\20181207_114251\logs
2018-12-07 11:42:54,346|I|Thread-1|[20181207_114251] merging test data to tmp file C:\projects\MyFirstProject\output\20181207_114251\MyFirstProject.20181207_114253.001.xlsx
2018-12-07 11:42:54,625|I|Thread-1|[20181207_114251] test script and test data merged to C:\projects\MyFirstProject\output\20181207_114251\MyFirstProject.20181207_114253.001.xlsx
2018-12-07 11:42:56,075|I|Thread-1|STARTS
2018-12-07 11:42:56,118|I|Thread-1|MyFirstProject.20181207_114253.001 - executing iteration #1; Iteration #1 of 1
2018-12-07 11:42:56,135|I|Thread-1|MyFirstProject.20181207_114253.001|Test Scenario - executing test scenario
2018-12-07 11:42:56,139|I|Thread-1|MyFirstProject.20181207_114253.001|Test Scenario|Test Case #1 - executing activity
2018-12-07 11:42:56,748|I|Thread-1|MyFirstProject.20181207_114253.001|Test Scenario|Test Case #1|#  5|base.verbose(text) - executing verbose(text)(Hello World! It's now $(sysdate|now|yyyy-MM-dd HH:mm:ss.S))
2018-12-07 11:42:56,991|I|Thread-1|MyFirstProject.20181207_114253.001|Test Scenario|Test Case #1|#  5|base.verbose(text) - Hello World! It's now 2018-12-07 11:42:56.758
2018-12-07 11:42:57,213|I|Thread-1|MyFirstProject.20181207_114253.001|Test Scenario|Test Case #1|#  5|base.verbose(text) - PASS 
2018-12-07 11:42:57,823|I|Thread-1|MyFirstProject.20181207_114253.001|Test Scenario|Test Case #1|#  6|base.section(steps) - executing section(steps)(2)
2018-12-07 11:42:57,829|I|Thread-1|MyFirstProject.20181207_114253.001|Test Scenario|Test Case #1|#  6|base.section(steps) - PASS 
2018-12-07 11:42:58,457|I|Thread-1|MyFirstProject.20181207_114253.001|Test Scenario|Test Case #1|#  7|Base.macro(file,sheet,nam - executing macro(file,sheet,name)(nexial-macro, MacroLibrary, sample_greetings)
2018-12-07 11:42:58,463|E|Thread-1|null
2018-12-07 11:42:58,467|I|Thread-1|MyFirstProject.20181207_114253.001|Test Scenario|Test Case #1|#  7|Base.macro(file,sheet,nam - FAIL 
2018-12-07 11:42:58,489|I|Thread-1|MyFirstProject.20181207_114253.001|Test Scenario - saving test scenario
2018-12-07 11:42:58,779|I|Thread-1|[20181207_114251] 
/-TEST COMPLETE-----------------------------------------------------------------
| Test Output:    C:\projects\MyFirstProject\output\20181207_114251\MyFirstProject.20181207_114253.001.xlsx
| Iteration:      1
\-------------------------------------------------------------------------------
» Execution Time: 2620 ms
» Test Steps:     3
» Error(s):       1



2018-12-07 11:43:01,189|I|Thread-1|[20181207_114251] 
/-TEST COMPLETE-----------------------------------------------------------------
| Test Script:    C:\projects\MyFirstProject\artifact\script\MyFirstProject.xlsx
\-------------------------------------------------------------------------------
» Execution Time: 9389 ms
» Iterations:     [1] total 1
» Test Steps:     3
» Passed:         2
» Error(s):       1



2018-12-07 11:43:01,785|I|main|[20181207_114251] [C:\projects\MyFirstProject\artifact\script\MyFirstProject.xlsx] now completed
2018-12-07 11:43:01,788|I|main|[20181207_114251] all execution thread(s) have terminated
2018-12-07 11:43:01,789|I|main|[20181207_114251] test run completed in about 10 seconds
2018-12-07 11:43:01,790|I|main|nexial mailer not enabled: nexial.enableEmail=false
2018-12-07 11:43:01,791|I|main|skipped email notification as configured
2018-12-07 11:43:01,794|I|main|Exiting Nexial...
2018-12-07 11:43:01,796|I|main|

/-END OF EXECUTION--------------------------------------------------------------
| » Execution Time: 10 sec.
| » Test Steps:     3
| » Passed:         2
| » Failed:         1
| » Success Rate:   66.67%
\---------------------------------------------------------------nexial-core dev_0316-

2018-12-07 11:43:01,800|E|main|failure found; success rate is 66.67%
