2018-12-07 11:46:33,634|I|Thread-1|(DELAYED) nexial-core dev_0316 starting up...
2018-12-07 11:46:33,641|I|Thread-1|(DELAYED) data file resolved as C:\Users\AL2075\AppData\Local\Temp\QbBRV\MyFirstProject.data.xlsx
2018-12-07 11:46:33,642|I|Thread-1|(DELAYED) input files and output directory resolved...
2018-12-07 11:46:33,642|I|Thread-1|(DELAYED) No predefined nexial-setup found
2018-12-07 11:46:33,642|I|Thread-1|(DELAYED) [20181207_114633] [C:\projects\MyFirstProject\artifact\script\MyFirstProject.xlsx] resolve RUN ID as 20181207_114633
2018-12-07 11:46:33,642|I|Thread-1|(DELAYED) [20181207_114633] [C:\projects\MyFirstProject\artifact\script\MyFirstProject.xlsx] new thread started
2018-12-07 11:46:33,643|I|Thread-1|No predefined nexial-setup found
2018-12-07 11:46:34,489|I|Thread-1|outputBase not set; output-to-cloud DISABLED!
2018-12-07 11:46:34,494|I|Thread-1|accessKey not set; output-to-cloud DISABLED!
2018-12-07 11:46:34,495|I|Thread-1|secretKey not set; output-to-cloud DISABLED!
2018-12-07 11:46:34,502|I|Thread-1|missing REQUIRED configuration; sms DISABLED!
2018-12-07 11:46:34,642|I|Thread-1|[20181207_114633] executing C:\projects\MyFirstProject\artifact\script\MyFirstProject.xlsx. [1] total 1
2018-12-07 11:46:34,648|I|Thread-1|[20181207_114633] create directory C:\projects\MyFirstProject\output\20181207_114633\captures
2018-12-07 11:46:34,649|I|Thread-1|[20181207_114633] create directory C:\projects\MyFirstProject\output\20181207_114633\logs
2018-12-07 11:46:35,217|I|Thread-1|[20181207_114633] merging test data to tmp file C:\projects\MyFirstProject\output\20181207_114633\MyFirstProject.20181207_114634.001.xlsx
2018-12-07 11:46:35,345|I|Thread-1|[20181207_114633] test script and test data merged to C:\projects\MyFirstProject\output\20181207_114633\MyFirstProject.20181207_114634.001.xlsx
2018-12-07 11:46:36,304|I|Thread-1|STARTS
2018-12-07 11:46:36,339|I|Thread-1|MyFirstProject.20181207_114634.001 - executing iteration #1; Iteration #1 of 1
2018-12-07 11:46:36,350|I|Thread-1|MyFirstProject.20181207_114634.001|Test Scenario - executing test scenario
2018-12-07 11:46:36,350|I|Thread-1|MyFirstProject.20181207_114634.001|Test Scenario|Test Case #1 - executing activity
2018-12-07 11:46:36,971|I|Thread-1|MyFirstProject.20181207_114634.001|Test Scenario|Test Case #1|#  5|base.verbose(text) - executing verbose(text)(Hello World! It's now $(sysdate|now|yyyy-MM-dd HH:mm:ss.S))
2018-12-07 11:46:37,098|I|Thread-1|MyFirstProject.20181207_114634.001|Test Scenario|Test Case #1|#  5|base.verbose(text) - Hello World! It's now 2018-12-07 11:46:36.982
2018-12-07 11:46:37,336|I|Thread-1|MyFirstProject.20181207_114634.001|Test Scenario|Test Case #1|#  5|base.verbose(text) - PASS 
2018-12-07 11:46:37,938|I|Thread-1|MyFirstProject.20181207_114634.001|Test Scenario|Test Case #1|#  6|base.section(steps) - executing section(steps)(2)
2018-12-07 11:46:37,944|I|Thread-1|MyFirstProject.20181207_114634.001|Test Scenario|Test Case #1|#  6|base.section(steps) - PASS 
2018-12-07 11:46:38,551|I|Thread-1|MyFirstProject.20181207_114634.001|Test Scenario|Test Case #1|#  7|Base.macro(file,sheet,nam - executing macro(file,sheet,name)(nexial-macro, MacroLibrary, sample_greetings)
2018-12-07 11:46:38,558|E|Thread-1|null
2018-12-07 11:46:38,566|I|Thread-1|MyFirstProject.20181207_114634.001|Test Scenario|Test Case #1|#  7|Base.macro(file,sheet,nam - FAIL 
2018-12-07 11:46:38,605|I|Thread-1|MyFirstProject.20181207_114634.001|Test Scenario - saving test scenario
2018-12-07 11:46:38,806|I|Thread-1|[20181207_114633] 
/-TEST COMPLETE-----------------------------------------------------------------
| Test Output:    C:\projects\MyFirstProject\output\20181207_114633\MyFirstProject.20181207_114634.001.xlsx
| Iteration:      1
\-------------------------------------------------------------------------------
» Execution Time: 2444 ms
» Test Steps:     3
» Error(s):       1



2018-12-07 11:46:40,710|I|Thread-1|[20181207_114633] 
/-TEST COMPLETE-----------------------------------------------------------------
| Test Script:    C:\projects\MyFirstProject\artifact\script\MyFirstProject.xlsx
\-------------------------------------------------------------------------------
» Execution Time: 7238 ms
» Iterations:     [1] total 1
» Test Steps:     3
» Passed:         2
» Error(s):       1



2018-12-07 11:46:41,504|I|main|[20181207_114633] [C:\projects\MyFirstProject\artifact\script\MyFirstProject.xlsx] now completed
2018-12-07 11:46:41,506|I|main|[20181207_114633] all execution thread(s) have terminated
2018-12-07 11:46:41,506|I|main|[20181207_114633] test run completed in about 8 seconds
2018-12-07 11:46:41,507|I|main|nexial mailer not enabled: nexial.enableEmail=false
2018-12-07 11:46:41,508|I|main|skipped email notification as configured
2018-12-07 11:46:41,512|I|main|Exiting Nexial...
2018-12-07 11:46:41,514|I|main|

/-END OF EXECUTION--------------------------------------------------------------
| » Execution Time: 8 sec.
| » Test Steps:     3
| » Passed:         2
| » Failed:         1
| » Success Rate:   66.67%
\---------------------------------------------------------------nexial-core dev_0316-

2018-12-07 11:46:41,515|E|main|failure found; success rate is 66.67%
