2018-12-08 14:21:11,278|I|Thread-1|(DELAYED) nexial-core dev_0316 starting up...
2018-12-08 14:21:11,289|I|Thread-1|(DELAYED) data file resolved as C:\Users\AL2075\AppData\Local\Temp\WdEoC\MyFirstProject.data.xlsx
2018-12-08 14:21:11,290|I|Thread-1|(DELAYED) input files and output directory resolved...
2018-12-08 14:21:11,290|I|Thread-1|(DELAYED) No predefined nexial-setup found
2018-12-08 14:21:11,290|I|Thread-1|(DELAYED) [20181208_142110] [C:\projects\MyFirstProject\artifact\script\MyFirstProject.xlsx] resolve RUN ID as 20181208_142110
2018-12-08 14:21:11,290|I|Thread-1|(DELAYED) [20181208_142110] [C:\projects\MyFirstProject\artifact\script\MyFirstProject.xlsx] new thread started
2018-12-08 14:21:11,293|I|Thread-1|No predefined nexial-setup found
2018-12-08 14:21:12,551|I|Thread-1|outputBase not set; output-to-cloud DISABLED!
2018-12-08 14:21:12,557|I|Thread-1|accessKey not set; output-to-cloud DISABLED!
2018-12-08 14:21:12,559|I|Thread-1|secretKey not set; output-to-cloud DISABLED!
2018-12-08 14:21:12,565|I|Thread-1|missing REQUIRED configuration; sms DISABLED!
2018-12-08 14:21:12,725|I|Thread-1|[20181208_142110] executing C:\projects\MyFirstProject\artifact\script\MyFirstProject.xlsx. [1] total 1
2018-12-08 14:21:12,730|I|Thread-1|[20181208_142110] create directory C:\projects\MyFirstProject\output\20181208_142110\captures
2018-12-08 14:21:12,731|I|Thread-1|[20181208_142110] create directory C:\projects\MyFirstProject\output\20181208_142110\logs
2018-12-08 14:21:14,496|I|Thread-1|macro(s) found and merged; C:\projects\MyFirstProject\output\20181208_142110\MyFirstProject.20181208_142112.001.xlsx will need to be saved
2018-12-08 14:21:14,500|I|Thread-1|[20181208_142110] merging test data to tmp file C:\projects\MyFirstProject\output\20181208_142110\MyFirstProject.20181208_142112.001.xlsx
2018-12-08 14:21:14,699|I|Thread-1|[20181208_142110] test script and test data merged to C:\projects\MyFirstProject\output\20181208_142110\MyFirstProject.20181208_142112.001.xlsx
2018-12-08 14:21:16,106|I|Thread-1|STARTS
2018-12-08 14:21:16,144|I|Thread-1|MyFirstProject.20181208_142112.001 - executing iteration #1; Iteration #1 of 1
2018-12-08 14:21:16,149|I|Thread-1|MyFirstProject.20181208_142112.001|Test Scenario - executing test scenario
2018-12-08 14:21:16,154|I|Thread-1|MyFirstProject.20181208_142112.001|Test Scenario|Test Case #1 - executing activity
2018-12-08 14:21:16,775|I|Thread-1|MyFirstProject.20181208_142112.001|Test Scenario|Test Case #1|#  5|base.verbose(text) - executing verbose(text)(Hello World! It's now $(sysdate|now|yyyy-MM-dd HH:mm:ss.S))
2018-12-08 14:21:17,143|I|Thread-1|MyFirstProject.20181208_142112.001|Test Scenario|Test Case #1|#  5|base.verbose(text) - Hello World! It's now 2018-12-08 14:21:16.795
2018-12-08 14:21:17,305|I|Thread-1|MyFirstProject.20181208_142112.001|Test Scenario|Test Case #1|#  5|base.verbose(text) - PASS 
2018-12-08 14:21:17,319|I|Thread-1|MyFirstProject.20181208_142112.001|Test Scenario|Test Case #2 - executing activity
2018-12-08 14:21:17,925|I|Thread-1|MyFirstProject.20181208_142112.001|Test Scenario|Test Case #2|#  6|base.save(var,value) - executing save(var,value)(num, 10)
2018-12-08 14:21:17,947|I|Thread-1|MyFirstProject.20181208_142112.001|Test Scenario|Test Case #2|#  6|base.save(var,value) - PASS stored '10' as ${num}
2018-12-08 14:21:17,969|I|Thread-1|MyFirstProject.20181208_142112.001|Test Scenario|Test Case #3 - executing activity
2018-12-08 14:21:18,574|I|Thread-1|MyFirstProject.20181208_142112.001|Test Scenario|Test Case #3|#  7|base.section(steps) - executing section(steps)(3)
2018-12-08 14:21:18,585|I|Thread-1|MyFirstProject.20181208_142112.001|Test Scenario|Test Case #3|#  7|base.section(steps) - PASS 
2018-12-08 14:21:18,588|I|Thread-1|MyFirstProject.20181208_142112.001|Test Scenario|Test Case #4 - executing activity
2018-12-08 14:21:19,207|I|Thread-1|MyFirstProject.20181208_142112.001|Test Scenario|Test Case #4|#  8|base.section(steps) - executing section(steps)(4)
2018-12-08 14:21:19,215|I|Thread-1|MyFirstProject.20181208_142112.001|Test Scenario|Test Case #4|#  8|base.section(steps) - PASS 
2018-12-08 14:21:19,222|I|Thread-1|MyFirstProject.20181208_142112.001|Test Scenario|Test Case #5 - executing activity
2018-12-08 14:21:19,842|I|Thread-1|MyFirstProject.20181208_142112.001|Test Scenario|Test Case #5|#  9|base.verbose(text) - executing verbose(text)(${num} ${a})
2018-12-08 14:21:19,848|I|Thread-1|MyFirstProject.20181208_142112.001|Test Scenario|Test Case #5|#  9|base.verbose(text) - 10 
2018-12-08 14:21:19,861|I|Thread-1|MyFirstProject.20181208_142112.001|Test Scenario|Test Case #5|#  9|base.verbose(text) - PASS 
2018-12-08 14:21:19,866|I|Thread-1|MyFirstProject.20181208_142112.001|Test Scenario|Test Case #6 - executing activity
2018-12-08 14:21:20,475|I|Thread-1|MyFirstProject.20181208_142112.001|Test Scenario|Test Case #6|# 10|base.section(steps) - executing section(steps)(1)
2018-12-08 14:21:20,485|I|Thread-1|MyFirstProject.20181208_142112.001|Test Scenario|Test Case #6|# 10|base.section(steps) - PASS 
2018-12-08 14:21:21,091|I|Thread-1|MyFirstProject.20181208_142112.001|Test Scenario|Test Case #6|# 11|base.verbose(text) - executing verbose(text)(Enter)
2018-12-08 14:21:21,097|I|Thread-1|MyFirstProject.20181208_142112.001|Test Scenario|Test Case #6|# 11|base.verbose(text) - Enter
2018-12-08 14:21:21,104|I|Thread-1|MyFirstProject.20181208_142112.001|Test Scenario|Test Case #6|# 11|base.verbose(text) - PASS 
2018-12-08 14:21:21,118|I|Thread-1|MyFirstProject.20181208_142112.001|Test Scenario|Test Case #7 - executing activity
2018-12-08 14:21:21,740|I|Thread-1|MyFirstProject.20181208_142112.001|Test Scenario|Test Case #7|# 12|base.section(steps) - executing section(steps)(1)
2018-12-08 14:21:21,750|I|Thread-1|MyFirstProject.20181208_142112.001|Test Scenario|Test Case #7|# 12|base.section(steps) - PASS 
2018-12-08 14:21:22,357|I|Thread-1|MyFirstProject.20181208_142112.001|Test Scenario|Test Case #7|# 13|base.save(var,value) - executing save(var,value)(a, 11)
2018-12-08 14:21:22,366|I|Thread-1|MyFirstProject.20181208_142112.001|Test Scenario|Test Case #7|# 13|base.save(var,value) - PASS stored '11' as ${a}
2018-12-08 14:21:22,372|I|Thread-1|MyFirstProject.20181208_142112.001|Test Scenario|Test Case #8 - executing activity
2018-12-08 14:21:22,990|I|Thread-1|MyFirstProject.20181208_142112.001|Test Scenario|Test Case #8|# 14|base.verbose(text) - executing verbose(text)(${a})
2018-12-08 14:21:22,996|I|Thread-1|MyFirstProject.20181208_142112.001|Test Scenario|Test Case #8|# 14|base.verbose(text) - 11
2018-12-08 14:21:23,012|I|Thread-1|MyFirstProject.20181208_142112.001|Test Scenario|Test Case #8|# 14|base.verbose(text) - PASS 
2018-12-08 14:21:23,077|I|Thread-1|MyFirstProject.20181208_142112.001|Test Scenario - saving test scenario
2018-12-08 14:21:23,386|I|Thread-1|[20181208_142110] 
/-TEST COMPLETE-----------------------------------------------------------------
| Test Output:    C:\projects\MyFirstProject\output\20181208_142110\MyFirstProject.20181208_142112.001.xlsx
| Iteration:      1
\-------------------------------------------------------------------------------
» Execution Time: 7220 ms
» Test Steps:     10
» Error(s):       0



2018-12-08 14:21:25,854|I|Thread-1|[20181208_142110] 
/-TEST COMPLETE-----------------------------------------------------------------
| Test Script:    C:\projects\MyFirstProject\artifact\script\MyFirstProject.xlsx
\-------------------------------------------------------------------------------
» Execution Time: 14764 ms
» Iterations:     [1] total 1
» Test Steps:     10
» Passed:         10
» Error(s):       0



2018-12-08 14:21:26,208|I|main|[20181208_142110] [C:\projects\MyFirstProject\artifact\script\MyFirstProject.xlsx] now completed
2018-12-08 14:21:26,210|I|main|[20181208_142110] all execution thread(s) have terminated
2018-12-08 14:21:26,211|I|main|[20181208_142110] test run completed in about 15 seconds
2018-12-08 14:21:26,212|I|main|nexial mailer not enabled: nexial.enableEmail=false
2018-12-08 14:21:26,213|I|main|skipped email notification as configured
2018-12-08 14:21:26,215|I|main|Exiting Nexial...
2018-12-08 14:21:26,218|I|main|

/-END OF EXECUTION--------------------------------------------------------------
| » Execution Time: 15 sec.
| » Test Steps:     10
| » Passed:         10
| » Failed:         0
| » Success Rate:   100.00%
\---------------------------------------------------------------nexial-core dev_0316-

2018-12-08 14:21:26,219|I|main|ALL PASSED!
