2018-12-07 11:58:39,943|I|Thread-1|(DELAYED) nexial-core dev_0316 starting up...
2018-12-07 11:58:39,951|I|Thread-1|(DELAYED) data file resolved as C:\Users\AL2075\AppData\Local\Temp\ZuGAA\MyFirstProject.data.xlsx
2018-12-07 11:58:39,951|I|Thread-1|(DELAYED) input files and output directory resolved...
2018-12-07 11:58:39,951|I|Thread-1|(DELAYED) No predefined nexial-setup found
2018-12-07 11:58:39,951|I|Thread-1|(DELAYED) [20181207_115839] [C:\projects\MyFirstProject\artifact\script\MyFirstProject.xlsx] resolve RUN ID as 20181207_115839
2018-12-07 11:58:39,951|I|Thread-1|(DELAYED) [20181207_115839] [C:\projects\MyFirstProject\artifact\script\MyFirstProject.xlsx] new thread started
2018-12-07 11:58:39,951|I|Thread-1|No predefined nexial-setup found
2018-12-07 11:58:40,763|I|Thread-1|outputBase not set; output-to-cloud DISABLED!
2018-12-07 11:58:40,772|I|Thread-1|accessKey not set; output-to-cloud DISABLED!
2018-12-07 11:58:40,772|I|Thread-1|secretKey not set; output-to-cloud DISABLED!
2018-12-07 11:58:40,780|I|Thread-1|missing REQUIRED configuration; sms DISABLED!
2018-12-07 11:58:40,918|I|Thread-1|[20181207_115839] executing C:\projects\MyFirstProject\artifact\script\MyFirstProject.xlsx. [1] total 1
2018-12-07 11:58:40,923|I|Thread-1|[20181207_115839] create directory C:\projects\MyFirstProject\output\20181207_115839\captures
2018-12-07 11:58:40,924|I|Thread-1|[20181207_115839] create directory C:\projects\MyFirstProject\output\20181207_115839\logs
2018-12-07 11:58:41,691|I|main|[20181207_115839] [C:\projects\MyFirstProject\artifact\script\MyFirstProject.xlsx] now completed
2018-12-07 11:58:41,693|I|main|[20181207_115839] all execution thread(s) have terminated
2018-12-07 11:58:41,694|I|main|[20181207_115839] test run completed in about 2 seconds
2018-12-07 11:58:41,696|I|main|nexial mailer not enabled: nexial.enableEmail=false
2018-12-07 11:58:41,697|I|main|skipped email notification as configured
2018-12-07 11:58:41,702|I|main|Exiting Nexial...
2018-12-07 11:58:41,706|I|main|

/-END OF EXECUTION--------------------------------------------------------------
| » Execution Time: 2 sec.
| » Test Steps:     0
| » Passed:         0
| » Failed:         0
| » Success Rate:   0.00%
\---------------------------------------------------------------nexial-core dev_0316-

2018-12-07 11:58:41,708|E|main|failure found; success rate is 0.00%
