2018-12-08 12:53:39,070|I|Thread-1|(DELAYED) nexial-core dev_0316 starting up...
2018-12-08 12:53:39,070|I|Thread-1|(DELAYED) data file resolved as C:\Users\AL2075\AppData\Local\Temp\hAekz\MyFirstProject.data.xlsx
2018-12-08 12:53:39,070|I|Thread-1|(DELAYED) input files and output directory resolved...
2018-12-08 12:53:39,070|I|Thread-1|(DELAYED) No predefined nexial-setup found
2018-12-08 12:53:39,070|I|Thread-1|(DELAYED) [20181208_125338] [C:\projects\MyFirstProject\artifact\script\MyFirstProject.xlsx] resolve RUN ID as 20181208_125338
2018-12-08 12:53:39,070|I|Thread-1|(DELAYED) [20181208_125338] [C:\projects\MyFirstProject\artifact\script\MyFirstProject.xlsx] new thread started
2018-12-08 12:53:39,078|I|Thread-1|No predefined nexial-setup found
2018-12-08 12:53:39,904|I|Thread-1|outputBase not set; output-to-cloud DISABLED!
2018-12-08 12:53:39,905|I|Thread-1|accessKey not set; output-to-cloud DISABLED!
2018-12-08 12:53:39,905|I|Thread-1|secretKey not set; output-to-cloud DISABLED!
2018-12-08 12:53:39,914|I|Thread-1|missing REQUIRED configuration; sms DISABLED!
2018-12-08 12:53:40,038|I|Thread-1|[20181208_125338] executing C:\projects\MyFirstProject\artifact\script\MyFirstProject.xlsx. [1] total 1
2018-12-08 12:53:40,045|I|Thread-1|[20181208_125338] create directory C:\projects\MyFirstProject\output\20181208_125338\captures
2018-12-08 12:53:40,047|I|Thread-1|[20181208_125338] create directory C:\projects\MyFirstProject\output\20181208_125338\logs
2018-12-08 12:53:40,550|I|Thread-1|[20181208_125338] merging test data to tmp file C:\projects\MyFirstProject\output\20181208_125338\MyFirstProject.20181208_125340.001.xlsx
2018-12-08 12:53:40,661|I|Thread-1|[20181208_125338] test script and test data merged to C:\projects\MyFirstProject\output\20181208_125338\MyFirstProject.20181208_125340.001.xlsx
2018-12-08 12:53:41,637|I|Thread-1|STARTS
2018-12-08 12:53:41,675|I|Thread-1|MyFirstProject.20181208_125340.001 - executing iteration #1; Iteration #1 of 1
2018-12-08 12:53:41,679|I|Thread-1|MyFirstProject.20181208_125340.001|Test Scenario - executing test scenario
2018-12-08 12:53:41,684|I|Thread-1|MyFirstProject.20181208_125340.001|Test Scenario|Test Case #1 - executing activity
2018-12-08 12:53:42,302|I|Thread-1|MyFirstProject.20181208_125340.001|Test Scenario|Test Case #1|#  5|base.verbose(text) - executing verbose(text)(Hello World! It's now $(sysdate|now|yyyy-MM-dd HH:mm:ss.S))
2018-12-08 12:53:42,414|I|Thread-1|MyFirstProject.20181208_125340.001|Test Scenario|Test Case #1|#  5|base.verbose(text) - Hello World! It's now 2018-12-08 12:53:42.314
2018-12-08 12:53:42,673|I|Thread-1|MyFirstProject.20181208_125340.001|Test Scenario|Test Case #1|#  5|base.verbose(text) - PASS 
2018-12-08 12:53:42,673|I|Thread-1|MyFirstProject.20181208_125340.001|Test Scenario|Test Case #2 - executing activity
2018-12-08 12:53:43,283|I|Thread-1|MyFirstProject.20181208_125340.001|Test Scenario|Test Case #2|#  6|base.save(var,value) - executing save(var,value)(num, 10)
2018-12-08 12:53:43,293|I|Thread-1|MyFirstProject.20181208_125340.001|Test Scenario|Test Case #2|#  6|base.save(var,value) - PASS stored '10' as ${num}
2018-12-08 12:53:43,294|I|Thread-1|MyFirstProject.20181208_125340.001|Test Scenario|Test Case #3 - executing activity
2018-12-08 12:53:43,894|I|Thread-1|MyFirstProject.20181208_125340.001|Test Scenario|Test Case #3|#  7|base.section(steps) - executing section(steps)(3)
2018-12-08 12:53:43,904|I|Thread-1|MyFirstProject.20181208_125340.001|Test Scenario|Test Case #3|#  7|base.section(steps) - PASS 
2018-12-08 12:53:43,906|I|Thread-1|MyFirstProject.20181208_125340.001|Test Scenario|Test Case #4 - executing activity
2018-12-08 12:53:44,525|I|Thread-1|MyFirstProject.20181208_125340.001|Test Scenario|Test Case #4|#  8|base.section(steps) - executing section(steps)(4)
2018-12-08 12:53:44,534|I|Thread-1|MyFirstProject.20181208_125340.001|Test Scenario|Test Case #4|#  8|base.section(steps) - PASS 
2018-12-08 12:53:44,544|I|Thread-1|MyFirstProject.20181208_125340.001|Test Scenario - saving test scenario
2018-12-08 12:53:44,723|I|Thread-1|[20181208_125338] 
/-TEST COMPLETE-----------------------------------------------------------------
| Test Output:    C:\projects\MyFirstProject\output\20181208_125338\MyFirstProject.20181208_125340.001.xlsx
| Iteration:      1
\-------------------------------------------------------------------------------
» Execution Time: 3031 ms
» Test Steps:     4
» Error(s):       0



2018-12-08 12:53:46,627|I|Thread-1|[20181208_125338] 
/-TEST COMPLETE-----------------------------------------------------------------
| Test Script:    C:\projects\MyFirstProject\artifact\script\MyFirstProject.xlsx
\-------------------------------------------------------------------------------
» Execution Time: 7718 ms
» Iterations:     [1] total 1
» Test Steps:     4
» Passed:         4
» Error(s):       0



2018-12-08 12:53:46,953|I|main|[20181208_125338] [C:\projects\MyFirstProject\artifact\script\MyFirstProject.xlsx] now completed
2018-12-08 12:53:46,956|I|main|[20181208_125338] all execution thread(s) have terminated
2018-12-08 12:53:46,958|I|main|[20181208_125338] test run completed in about 8 seconds
2018-12-08 12:53:46,960|I|main|nexial mailer not enabled: nexial.enableEmail=false
2018-12-08 12:53:46,961|I|main|skipped email notification as configured
2018-12-08 12:53:46,967|I|main|Exiting Nexial...
2018-12-08 12:53:46,977|I|main|

/-END OF EXECUTION--------------------------------------------------------------
| » Execution Time: 8 sec.
| » Test Steps:     4
| » Passed:         4
| » Failed:         0
| » Success Rate:   100.00%
\---------------------------------------------------------------nexial-core dev_0316-

2018-12-08 12:53:46,977|I|main|ALL PASSED!
