2018-12-08 13:07:20,814|I|Thread-1|(DELAYED) nexial-core dev_0316 starting up...
2018-12-08 13:07:20,814|I|Thread-1|(DELAYED) data file resolved as C:\Users\AL2075\AppData\Local\Temp\cVJlR\MyFirstProject.data.xlsx
2018-12-08 13:07:20,814|I|Thread-1|(DELAYED) input files and output directory resolved...
2018-12-08 13:07:20,814|I|Thread-1|(DELAYED) No predefined nexial-setup found
2018-12-08 13:07:20,814|I|Thread-1|(DELAYED) [20181208_130720] [C:\projects\MyFirstProject\artifact\script\MyFirstProject.xlsx] resolve RUN ID as 20181208_130720
2018-12-08 13:07:20,814|I|Thread-1|(DELAYED) [20181208_130720] [C:\projects\MyFirstProject\artifact\script\MyFirstProject.xlsx] new thread started
2018-12-08 13:07:20,824|I|Thread-1|No predefined nexial-setup found
2018-12-08 13:07:21,637|I|Thread-1|outputBase not set; output-to-cloud DISABLED!
2018-12-08 13:07:21,638|I|Thread-1|accessKey not set; output-to-cloud DISABLED!
2018-12-08 13:07:21,638|I|Thread-1|secretKey not set; output-to-cloud DISABLED!
2018-12-08 13:07:21,646|I|Thread-1|missing REQUIRED configuration; sms DISABLED!
2018-12-08 13:07:21,775|I|Thread-1|[20181208_130720] executing C:\projects\MyFirstProject\artifact\script\MyFirstProject.xlsx. [1] total 1
2018-12-08 13:07:21,781|I|Thread-1|[20181208_130720] create directory C:\projects\MyFirstProject\output\20181208_130720\captures
2018-12-08 13:07:21,781|I|Thread-1|[20181208_130720] create directory C:\projects\MyFirstProject\output\20181208_130720\logs
2018-12-08 13:07:22,634|I|main|[20181208_130720] [C:\projects\MyFirstProject\artifact\script\MyFirstProject.xlsx] now completed
2018-12-08 13:07:22,638|I|main|[20181208_130720] all execution thread(s) have terminated
2018-12-08 13:07:22,639|I|main|[20181208_130720] test run completed in about 2 seconds
2018-12-08 13:07:22,641|I|main|nexial mailer not enabled: nexial.enableEmail=false
2018-12-08 13:07:22,642|I|main|skipped email notification as configured
2018-12-08 13:07:22,647|I|main|Exiting Nexial...
2018-12-08 13:07:22,654|I|main|

/-END OF EXECUTION--------------------------------------------------------------
| » Execution Time: 2 sec.
| » Test Steps:     0
| » Passed:         0
| » Failed:         0
| » Success Rate:   0.00%
\---------------------------------------------------------------nexial-core dev_0316-

2018-12-08 13:07:22,655|E|main|failure found; success rate is 0.00%
