2018-12-08 13:00:46,703|I|Thread-1|(DELAYED) nexial-core dev_0316 starting up...
2018-12-08 13:00:46,711|I|Thread-1|(DELAYED) data file resolved as C:\Users\AL2075\AppData\Local\Temp\BByyD\MyFirstProject.data.xlsx
2018-12-08 13:00:46,711|I|Thread-1|(DELAYED) input files and output directory resolved...
2018-12-08 13:00:46,711|I|Thread-1|(DELAYED) No predefined nexial-setup found
2018-12-08 13:00:46,711|I|Thread-1|(DELAYED) [20181208_130046] [C:\projects\MyFirstProject\artifact\script\MyFirstProject.xlsx] resolve RUN ID as 20181208_130046
2018-12-08 13:00:46,711|I|Thread-1|(DELAYED) [20181208_130046] [C:\projects\MyFirstProject\artifact\script\MyFirstProject.xlsx] new thread started
2018-12-08 13:00:46,711|I|Thread-1|No predefined nexial-setup found
2018-12-08 13:00:47,508|I|Thread-1|outputBase not set; output-to-cloud DISABLED!
2018-12-08 13:00:47,510|I|Thread-1|accessKey not set; output-to-cloud DISABLED!
2018-12-08 13:00:47,510|I|Thread-1|secretKey not set; output-to-cloud DISABLED!
2018-12-08 13:00:47,518|I|Thread-1|missing REQUIRED configuration; sms DISABLED!
2018-12-08 13:00:47,646|I|Thread-1|[20181208_130046] executing C:\projects\MyFirstProject\artifact\script\MyFirstProject.xlsx. [1] total 1
2018-12-08 13:00:47,654|I|Thread-1|[20181208_130046] create directory C:\projects\MyFirstProject\output\20181208_130046\captures
2018-12-08 13:00:47,655|I|Thread-1|[20181208_130046] create directory C:\projects\MyFirstProject\output\20181208_130046\logs
2018-12-08 13:00:48,209|I|Thread-1|[20181208_130046] merging test data to tmp file C:\projects\MyFirstProject\output\20181208_130046\MyFirstProject.20181208_130047.001.xlsx
2018-12-08 13:00:48,309|I|Thread-1|[20181208_130046] test script and test data merged to C:\projects\MyFirstProject\output\20181208_130046\MyFirstProject.20181208_130047.001.xlsx
2018-12-08 13:00:49,235|I|Thread-1|STARTS
2018-12-08 13:00:49,270|I|Thread-1|MyFirstProject.20181208_130047.001 - executing iteration #1; Iteration #1 of 1
2018-12-08 13:00:49,274|I|Thread-1|MyFirstProject.20181208_130047.001|Test Scenario - executing test scenario
2018-12-08 13:00:49,283|I|Thread-1|MyFirstProject.20181208_130047.001|Test Scenario|Test Case #1 - executing activity
2018-12-08 13:00:49,884|I|Thread-1|MyFirstProject.20181208_130047.001|Test Scenario|Test Case #1|#  5|base.verbose(text) - executing verbose(text)(Hello World! It's now $(sysdate|now|yyyy-MM-dd HH:mm:ss.S))
2018-12-08 13:00:50,138|I|Thread-1|MyFirstProject.20181208_130047.001|Test Scenario|Test Case #1|#  5|base.verbose(text) - Hello World! It's now 2018-12-08 13:00:49.895
2018-12-08 13:00:50,298|I|Thread-1|MyFirstProject.20181208_130047.001|Test Scenario|Test Case #1|#  5|base.verbose(text) - PASS 
2018-12-08 13:00:50,300|I|Thread-1|MyFirstProject.20181208_130047.001|Test Scenario|Test Case #2 - executing activity
2018-12-08 13:00:50,910|I|Thread-1|MyFirstProject.20181208_130047.001|Test Scenario|Test Case #2|#  6|base.save(var,value) - executing save(var,value)(num, 10)
2018-12-08 13:00:50,919|I|Thread-1|MyFirstProject.20181208_130047.001|Test Scenario|Test Case #2|#  6|base.save(var,value) - PASS stored '10' as ${num}
2018-12-08 13:00:50,922|I|Thread-1|MyFirstProject.20181208_130047.001|Test Scenario|Test Case #3 - executing activity
2018-12-08 13:00:51,526|I|Thread-1|MyFirstProject.20181208_130047.001|Test Scenario|Test Case #3|#  7|base.section(steps) - executing section(steps)(3)
2018-12-08 13:00:51,534|I|Thread-1|MyFirstProject.20181208_130047.001|Test Scenario|Test Case #3|#  7|base.section(steps) - PASS 
2018-12-08 13:00:51,537|I|Thread-1|MyFirstProject.20181208_130047.001|Test Scenario|Test Case #4 - executing activity
2018-12-08 13:00:52,149|I|Thread-1|MyFirstProject.20181208_130047.001|Test Scenario|Test Case #4|#  8|base.section(steps) - executing section(steps)(4)
2018-12-08 13:00:52,156|I|Thread-1|MyFirstProject.20181208_130047.001|Test Scenario|Test Case #4|#  8|base.section(steps) - PASS 
2018-12-08 13:00:52,160|I|Thread-1|MyFirstProject.20181208_130047.001|Test Scenario|Test Case #5 - executing activity
2018-12-08 13:00:52,771|I|Thread-1|MyFirstProject.20181208_130047.001|Test Scenario|Test Case #5|#  9|base.verbose(text) - executing verbose(text)(${num} ${a})
2018-12-08 13:00:52,779|I|Thread-1|MyFirstProject.20181208_130047.001|Test Scenario|Test Case #5|#  9|base.verbose(text) - 10 
2018-12-08 13:00:52,783|I|Thread-1|MyFirstProject.20181208_130047.001|Test Scenario|Test Case #5|#  9|base.verbose(text) - PASS 
2018-12-08 13:00:52,809|I|Thread-1|MyFirstProject.20181208_130047.001|Test Scenario - saving test scenario
2018-12-08 13:00:52,970|I|Thread-1|[20181208_130046] 
/-TEST COMPLETE-----------------------------------------------------------------
| Test Output:    C:\projects\MyFirstProject\output\20181208_130046\MyFirstProject.20181208_130047.001.xlsx
| Iteration:      1
\-------------------------------------------------------------------------------
» Execution Time: 3687 ms
» Test Steps:     5
» Error(s):       0



2018-12-08 13:00:54,936|I|Thread-1|[20181208_130046] 
/-TEST COMPLETE-----------------------------------------------------------------
| Test Script:    C:\projects\MyFirstProject\artifact\script\MyFirstProject.xlsx
\-------------------------------------------------------------------------------
» Execution Time: 8390 ms
» Iterations:     [1] total 1
» Test Steps:     5
» Passed:         5
» Error(s):       0



2018-12-08 13:00:55,580|I|main|[20181208_130046] [C:\projects\MyFirstProject\artifact\script\MyFirstProject.xlsx] now completed
2018-12-08 13:00:55,583|I|main|[20181208_130046] all execution thread(s) have terminated
2018-12-08 13:00:55,585|I|main|[20181208_130046] test run completed in about 9 seconds
2018-12-08 13:00:55,586|I|main|nexial mailer not enabled: nexial.enableEmail=false
2018-12-08 13:00:55,586|I|main|skipped email notification as configured
2018-12-08 13:00:55,589|I|main|Exiting Nexial...
2018-12-08 13:00:55,591|I|main|

/-END OF EXECUTION--------------------------------------------------------------
| » Execution Time: 9 sec.
| » Test Steps:     5
| » Passed:         5
| » Failed:         0
| » Success Rate:   100.00%
\---------------------------------------------------------------nexial-core dev_0316-

2018-12-08 13:00:55,591|I|main|ALL PASSED!
