2018-12-08 12:36:24,778|I|Thread-1|(DELAYED) nexial-core dev_0316 starting up...
2018-12-08 12:36:24,805|I|Thread-1|(DELAYED) data file resolved as C:\Users\AL2075\AppData\Local\Temp\rMAsv\MyFirstProject.data.xlsx
2018-12-08 12:36:24,805|I|Thread-1|(DELAYED) input files and output directory resolved...
2018-12-08 12:36:24,805|I|Thread-1|(DELAYED) No predefined nexial-setup found
2018-12-08 12:36:24,805|I|Thread-1|(DELAYED) [20181208_123624] [C:\projects\MyFirstProject\artifact\script\MyFirstProject.xlsx] resolve RUN ID as 20181208_123624
2018-12-08 12:36:24,805|I|Thread-1|(DELAYED) [20181208_123624] [C:\projects\MyFirstProject\artifact\script\MyFirstProject.xlsx] new thread started
2018-12-08 12:36:24,805|I|Thread-1|No predefined nexial-setup found
2018-12-08 12:36:25,820|I|Thread-1|outputBase not set; output-to-cloud DISABLED!
2018-12-08 12:36:25,821|I|Thread-1|accessKey not set; output-to-cloud DISABLED!
2018-12-08 12:36:25,821|I|Thread-1|secretKey not set; output-to-cloud DISABLED!
2018-12-08 12:36:25,828|I|Thread-1|missing REQUIRED configuration; sms DISABLED!
2018-12-08 12:36:25,958|I|Thread-1|[20181208_123624] executing C:\projects\MyFirstProject\artifact\script\MyFirstProject.xlsx. [1] total 1
2018-12-08 12:36:25,963|I|Thread-1|[20181208_123624] create directory C:\projects\MyFirstProject\output\20181208_123624\captures
2018-12-08 12:36:25,964|I|Thread-1|[20181208_123624] create directory C:\projects\MyFirstProject\output\20181208_123624\logs
2018-12-08 12:36:27,576|I|main|[20181208_123624] [C:\projects\MyFirstProject\artifact\script\MyFirstProject.xlsx] now completed
2018-12-08 12:36:27,582|I|main|[20181208_123624] all execution thread(s) have terminated
2018-12-08 12:36:27,583|I|main|[20181208_123624] test run completed in about 3 seconds
2018-12-08 12:36:27,584|I|main|nexial mailer not enabled: nexial.enableEmail=false
2018-12-08 12:36:27,585|I|main|skipped email notification as configured
2018-12-08 12:36:27,589|I|main|Exiting Nexial...
2018-12-08 12:36:27,592|I|main|

/-END OF EXECUTION--------------------------------------------------------------
| » Execution Time: 3 sec.
| » Test Steps:     0
| » Passed:         0
| » Failed:         0
| » Success Rate:   0.00%
\---------------------------------------------------------------nexial-core dev_0316-

2018-12-08 12:36:27,594|E|main|failure found; success rate is 0.00%
