2018-12-08 18:56:40,752|I|Thread-1|(DELAYED) nexial-core dev_0316 starting up...
2018-12-08 18:56:40,761|I|Thread-1|(DELAYED) data file resolved as C:\Users\AL2075\AppData\Local\Temp\DMzNB\QA.data.xlsx
2018-12-08 18:56:40,761|I|Thread-1|(DELAYED) input files and output directory resolved...
2018-12-08 18:56:40,762|I|Thread-1|(DELAYED) No predefined nexial-setup found
2018-12-08 18:56:40,762|I|Thread-1|(DELAYED) [20181208_185640] [C:\projects\MyFirstProject\artifact\script\QA.xlsx] resolve RUN ID as 20181208_185640
2018-12-08 18:56:40,762|I|Thread-1|(DELAYED) [20181208_185640] [C:\projects\MyFirstProject\artifact\script\QA.xlsx] new thread started
2018-12-08 18:56:40,763|I|Thread-1|No predefined nexial-setup found
2018-12-08 18:56:41,627|I|Thread-1|outputBase not set; output-to-cloud DISABLED!
2018-12-08 18:56:41,628|I|Thread-1|accessKey not set; output-to-cloud DISABLED!
2018-12-08 18:56:41,628|I|Thread-1|secretKey not set; output-to-cloud DISABLED!
2018-12-08 18:56:41,636|I|Thread-1|missing REQUIRED configuration; sms DISABLED!
2018-12-08 18:56:41,773|I|Thread-1|[20181208_185640] executing C:\projects\MyFirstProject\artifact\script\QA.xlsx. [1] total 1
2018-12-08 18:56:41,781|I|Thread-1|[20181208_185640] create directory C:\projects\MyFirstProject\output\20181208_185640\captures
2018-12-08 18:56:41,782|I|Thread-1|[20181208_185640] create directory C:\projects\MyFirstProject\output\20181208_185640\logs
2018-12-08 18:56:43,600|I|Thread-1|macro(s) found and merged; C:\projects\MyFirstProject\output\20181208_185640\QA.20181208_185641.001.xlsx will need to be saved
2018-12-08 18:56:43,601|I|Thread-1|[20181208_185640] merging test data to tmp file C:\projects\MyFirstProject\output\20181208_185640\QA.20181208_185641.001.xlsx
2018-12-08 18:56:43,794|I|Thread-1|[20181208_185640] test script and test data merged to C:\projects\MyFirstProject\output\20181208_185640\QA.20181208_185641.001.xlsx
2018-12-08 18:56:45,268|I|Thread-1|STARTS
2018-12-08 18:56:45,303|I|Thread-1|QA.20181208_185641.001 - executing iteration #1; Iteration #1 of 1
2018-12-08 18:56:45,311|I|Thread-1|QA.20181208_185641.001|Test Scenario - executing test scenario
2018-12-08 18:56:45,312|I|Thread-1|QA.20181208_185641.001|Test Scenario|Test Case #1 - executing activity
2018-12-08 18:56:45,919|I|Thread-1|QA.20181208_185641.001|Test Scenario|Test Case #1|#  5|base.verbose(text) - executing verbose(text)(Hello World! It's now $(sysdate|now|yyyy-MM-dd HH:mm:ss.S))
2018-12-08 18:56:46,154|I|Thread-1|QA.20181208_185641.001|Test Scenario|Test Case #1|#  5|base.verbose(text) - Hello World! It's now 2018-12-08 18:56:45.932
2018-12-08 18:56:46,296|I|Thread-1|QA.20181208_185641.001|Test Scenario|Test Case #1|#  5|base.verbose(text) - PASS 
2018-12-08 18:56:46,298|I|Thread-1|QA.20181208_185641.001|Test Scenario|Test Case #2 - executing activity
2018-12-08 18:56:46,902|I|Thread-1|QA.20181208_185641.001|Test Scenario|Test Case #2|#  6|base.save(var,value) - executing save(var,value)(num, 10)
2018-12-08 18:56:46,909|I|Thread-1|QA.20181208_185641.001|Test Scenario|Test Case #2|#  6|base.save(var,value) - PASS stored '10' as ${num}
2018-12-08 18:56:46,909|I|Thread-1|QA.20181208_185641.001|Test Scenario|Test Case #3 - executing activity
2018-12-08 18:56:47,536|I|Thread-1|QA.20181208_185641.001|Test Scenario|Test Case #3|#  7|base.section(steps) - executing section(steps)(3)
2018-12-08 18:56:47,543|I|Thread-1|QA.20181208_185641.001|Test Scenario|Test Case #3|#  7|base.section(steps) - PASS 
2018-12-08 18:56:47,547|I|Thread-1|QA.20181208_185641.001|Test Scenario|Test Case #4 - executing activity
2018-12-08 18:56:48,153|I|Thread-1|QA.20181208_185641.001|Test Scenario|Test Case #4|#  8|base.section(steps) - executing section(steps)(4)
2018-12-08 18:56:48,159|I|Thread-1|QA.20181208_185641.001|Test Scenario|Test Case #4|#  8|base.section(steps) - PASS 
2018-12-08 18:56:48,162|I|Thread-1|QA.20181208_185641.001|Test Scenario|Test Case #5 - executing activity
2018-12-08 18:56:48,767|I|Thread-1|QA.20181208_185641.001|Test Scenario|Test Case #5|#  9|base.verbose(text) - executing verbose(text)(${num} ${a})
2018-12-08 18:56:48,773|I|Thread-1|QA.20181208_185641.001|Test Scenario|Test Case #5|#  9|base.verbose(text) - 10 
2018-12-08 18:56:48,776|I|Thread-1|QA.20181208_185641.001|Test Scenario|Test Case #5|#  9|base.verbose(text) - PASS 
2018-12-08 18:56:48,785|I|Thread-1|QA.20181208_185641.001|Test Scenario|Test Case #6 - executing activity
2018-12-08 18:56:49,393|I|Thread-1|QA.20181208_185641.001|Test Scenario|Test Case #6|# 10|base.section(steps) - executing section(steps)(1)
2018-12-08 18:56:49,399|I|Thread-1|QA.20181208_185641.001|Test Scenario|Test Case #6|# 10|base.section(steps) - PASS 
2018-12-08 18:56:50,006|I|Thread-1|QA.20181208_185641.001|Test Scenario|Test Case #6|# 11|base.verbose(text) - executing verbose(text)(Enter)
2018-12-08 18:56:50,011|I|Thread-1|QA.20181208_185641.001|Test Scenario|Test Case #6|# 11|base.verbose(text) - Enter
2018-12-08 18:56:50,014|I|Thread-1|QA.20181208_185641.001|Test Scenario|Test Case #6|# 11|base.verbose(text) - PASS 
2018-12-08 18:56:50,015|I|Thread-1|QA.20181208_185641.001|Test Scenario|Test Case #7 - executing activity
2018-12-08 18:56:50,626|I|Thread-1|QA.20181208_185641.001|Test Scenario|Test Case #7|# 12|base.section(steps) - executing section(steps)(1)
2018-12-08 18:56:50,629|I|Thread-1|QA.20181208_185641.001|Test Scenario|Test Case #7|# 12|base.section(steps) - PASS 
2018-12-08 18:56:51,241|I|Thread-1|QA.20181208_185641.001|Test Scenario|Test Case #7|# 13|base.save(var,value) - executing save(var,value)(a, 11)
2018-12-08 18:56:51,248|I|Thread-1|QA.20181208_185641.001|Test Scenario|Test Case #7|# 13|base.save(var,value) - PASS stored '11' as ${a}
2018-12-08 18:56:51,252|I|Thread-1|QA.20181208_185641.001|Test Scenario|Test Case #8 - executing activity
2018-12-08 18:56:51,856|I|Thread-1|QA.20181208_185641.001|Test Scenario|Test Case #8|# 14|base.verbose(text) - executing verbose(text)(${a})
2018-12-08 18:56:51,860|I|Thread-1|QA.20181208_185641.001|Test Scenario|Test Case #8|# 14|base.verbose(text) - 11
2018-12-08 18:56:51,871|I|Thread-1|QA.20181208_185641.001|Test Scenario|Test Case #8|# 14|base.verbose(text) - PASS 
2018-12-08 18:56:51,895|I|Thread-1|QA.20181208_185641.001|Test Scenario - saving test scenario
2018-12-08 18:56:52,054|I|Thread-1|[20181208_185640] 
/-TEST COMPLETE-----------------------------------------------------------------
| Test Output:    C:\projects\MyFirstProject\output\20181208_185640\QA.20181208_185641.001.xlsx
| Iteration:      1
\-------------------------------------------------------------------------------
» Execution Time: 6729 ms
» Test Steps:     10
» Error(s):       0



2018-12-08 18:56:54,523|I|Thread-1|[20181208_185640] 
/-TEST COMPLETE-----------------------------------------------------------------
| Test Script:    C:\projects\MyFirstProject\artifact\script\QA.xlsx
\-------------------------------------------------------------------------------
» Execution Time: 13949 ms
» Iterations:     [1] total 1
» Test Steps:     10
» Passed:         10
» Error(s):       0



2018-12-08 18:56:54,633|I|main|[20181208_185640] [C:\projects\MyFirstProject\artifact\script\QA.xlsx] now completed
2018-12-08 18:56:54,636|I|main|[20181208_185640] all execution thread(s) have terminated
2018-12-08 18:56:54,637|I|main|[20181208_185640] test run completed in about 14 seconds
2018-12-08 18:56:54,638|I|main|nexial mailer not enabled: nexial.enableEmail=false
2018-12-08 18:56:54,639|I|main|skipped email notification as configured
2018-12-08 18:56:54,644|I|main|Exiting Nexial...
2018-12-08 18:56:54,647|I|main|

/-END OF EXECUTION--------------------------------------------------------------
| » Execution Time: 14 sec.
| » Test Steps:     10
| » Passed:         10
| » Failed:         0
| » Success Rate:   100.00%
\---------------------------------------------------------------nexial-core dev_0316-

2018-12-08 18:56:54,651|I|main|ALL PASSED!
