2018-12-07 11:49:37,177|I|Thread-1|(DELAYED) nexial-core dev_0316 starting up...
2018-12-07 11:49:37,181|I|Thread-1|(DELAYED) data file resolved as C:\Users\AL2075\AppData\Local\Temp\weAgX\MyFirstProject.data.xlsx
2018-12-07 11:49:37,181|I|Thread-1|(DELAYED) input files and output directory resolved...
2018-12-07 11:49:37,181|I|Thread-1|(DELAYED) No predefined nexial-setup found
2018-12-07 11:49:37,181|I|Thread-1|(DELAYED) [20181207_114936] [C:\projects\MyFirstProject\artifact\script\MyFirstProject.xlsx] resolve RUN ID as 20181207_114936
2018-12-07 11:49:37,181|I|Thread-1|(DELAYED) [20181207_114936] [C:\projects\MyFirstProject\artifact\script\MyFirstProject.xlsx] new thread started
2018-12-07 11:49:37,181|I|Thread-1|No predefined nexial-setup found
2018-12-07 11:49:38,008|I|Thread-1|outputBase not set; output-to-cloud DISABLED!
2018-12-07 11:49:38,010|I|Thread-1|accessKey not set; output-to-cloud DISABLED!
2018-12-07 11:49:38,012|I|Thread-1|secretKey not set; output-to-cloud DISABLED!
2018-12-07 11:49:38,020|I|Thread-1|missing REQUIRED configuration; sms DISABLED!
2018-12-07 11:49:38,150|I|Thread-1|[20181207_114936] executing C:\projects\MyFirstProject\artifact\script\MyFirstProject.xlsx. [1] total 1
2018-12-07 11:49:38,159|I|Thread-1|[20181207_114936] create directory C:\projects\MyFirstProject\output\20181207_114936\captures
2018-12-07 11:49:38,160|I|Thread-1|[20181207_114936] create directory C:\projects\MyFirstProject\output\20181207_114936\logs
2018-12-07 11:49:38,912|I|main|[20181207_114936] [C:\projects\MyFirstProject\artifact\script\MyFirstProject.xlsx] now completed
2018-12-07 11:49:38,915|I|main|[20181207_114936] all execution thread(s) have terminated
2018-12-07 11:49:38,916|I|main|[20181207_114936] test run completed in about 2 seconds
2018-12-07 11:49:38,919|I|main|nexial mailer not enabled: nexial.enableEmail=false
2018-12-07 11:49:38,920|I|main|skipped email notification as configured
2018-12-07 11:49:38,925|I|main|Exiting Nexial...
2018-12-07 11:49:38,930|I|main|

/-END OF EXECUTION--------------------------------------------------------------
| » Execution Time: 2 sec.
| » Test Steps:     0
| » Passed:         0
| » Failed:         0
| » Success Rate:   0.00%
\---------------------------------------------------------------nexial-core dev_0316-

2018-12-07 11:49:38,932|E|main|failure found; success rate is 0.00%
