2018-12-07 01:14:35,341|I|Thread-1|(DELAYED) nexial-core dev_0316 starting up...
2018-12-07 01:14:35,351|I|Thread-1|(DELAYED) data file resolved as C:\Users\AL2075\AppData\Local\Temp\EpTda\MyFirstProject.data.xlsx
2018-12-07 01:14:35,351|I|Thread-1|(DELAYED) input files and output directory resolved...
2018-12-07 01:14:35,351|I|Thread-1|(DELAYED) No predefined nexial-setup found
2018-12-07 01:14:35,351|I|Thread-1|(DELAYED) [20181207_011435] [C:\projects\MyFirstProject\artifact\script\MyFirstProject.xlsx] resolve RUN ID as 20181207_011435
2018-12-07 01:14:35,351|I|Thread-1|(DELAYED) [20181207_011435] [C:\projects\MyFirstProject\artifact\script\MyFirstProject.xlsx] new thread started
2018-12-07 01:14:35,351|I|Thread-1|No predefined nexial-setup found
2018-12-07 01:14:36,251|I|Thread-1|outputBase not set; output-to-cloud DISABLED!
2018-12-07 01:14:36,253|I|Thread-1|accessKey not set; output-to-cloud DISABLED!
2018-12-07 01:14:36,255|I|Thread-1|secretKey not set; output-to-cloud DISABLED!
2018-12-07 01:14:36,262|I|Thread-1|missing REQUIRED configuration; sms DISABLED!
2018-12-07 01:14:36,402|I|Thread-1|[20181207_011435] executing C:\projects\MyFirstProject\artifact\script\MyFirstProject.xlsx. [1] total 1
2018-12-07 01:14:36,407|I|Thread-1|[20181207_011435] create directory C:\projects\MyFirstProject\output\20181207_011435\captures
2018-12-07 01:14:36,408|I|Thread-1|[20181207_011435] create directory C:\projects\MyFirstProject\output\20181207_011435\logs
2018-12-07 01:14:36,936|I|Thread-1|[20181207_011435] merging test data to tmp file C:\projects\MyFirstProject\output\20181207_011435\MyFirstProject.20181207_011436.001.xlsx
2018-12-07 01:14:37,056|I|Thread-1|[20181207_011435] test script and test data merged to C:\projects\MyFirstProject\output\20181207_011435\MyFirstProject.20181207_011436.001.xlsx
2018-12-07 01:14:38,239|I|Thread-1|STARTS
2018-12-07 01:14:38,270|I|Thread-1|MyFirstProject.20181207_011436.001 - executing iteration #1; Iteration #1 of 1
2018-12-07 01:14:38,284|I|Thread-1|MyFirstProject.20181207_011436.001|Test Scenario - executing test scenario
2018-12-07 01:14:38,285|I|Thread-1|MyFirstProject.20181207_011436.001|Test Scenario|Test Case #1 - executing activity
2018-12-07 01:14:38,890|I|Thread-1|MyFirstProject.20181207_011436.001|Test Scenario|Test Case #1|#  5|base.verbose(text) - executing verbose(text)(Hello World! It's now $(sysdate|now|yyyy-MM-dd HH:mm:ss.S))
2018-12-07 01:14:38,962|I|Thread-1|MyFirstProject.20181207_011436.001|Test Scenario|Test Case #1|#  5|base.verbose(text) - Hello World! It's now 2018-12-07 01:14:38.900
2018-12-07 01:14:39,230|I|Thread-1|MyFirstProject.20181207_011436.001|Test Scenario|Test Case #1|#  5|base.verbose(text) - PASS 
2018-12-07 01:14:39,847|I|Thread-1|MyFirstProject.20181207_011436.001|Test Scenario|Test Case #1|#  6|base.section(steps) - executing section(steps)(2)
2018-12-07 01:14:39,856|I|Thread-1|MyFirstProject.20181207_011436.001|Test Scenario|Test Case #1|#  6|base.section(steps) - PASS 
2018-12-07 01:14:39,900|I|Thread-1|MyFirstProject.20181207_011436.001|Test Scenario - saving test scenario
2018-12-07 01:14:40,093|I|Thread-1|[20181207_011435] 
/-TEST COMPLETE-----------------------------------------------------------------
| Test Output:    C:\projects\MyFirstProject\output\20181207_011435\MyFirstProject.20181207_011436.001.xlsx
| Iteration:      1
\-------------------------------------------------------------------------------
» Execution Time: 1805 ms
» Test Steps:     2
» Error(s):       0



2018-12-07 01:14:42,040|I|Thread-1|[20181207_011435] 
/-TEST COMPLETE-----------------------------------------------------------------
| Test Script:    C:\projects\MyFirstProject\artifact\script\MyFirstProject.xlsx
\-------------------------------------------------------------------------------
» Execution Time: 6878 ms
» Iterations:     [1] total 1
» Test Steps:     2
» Passed:         2
» Error(s):       0



2018-12-07 01:14:42,122|I|main|[20181207_011435] [C:\projects\MyFirstProject\artifact\script\MyFirstProject.xlsx] now completed
2018-12-07 01:14:42,127|I|main|[20181207_011435] all execution thread(s) have terminated
2018-12-07 01:14:42,128|I|main|[20181207_011435] test run completed in about 7 seconds
2018-12-07 01:14:42,132|I|main|nexial mailer not enabled: nexial.enableEmail=false
2018-12-07 01:14:42,133|I|main|skipped email notification as configured
2018-12-07 01:14:42,138|I|main|Exiting Nexial...
2018-12-07 01:14:42,142|I|main|

/-END OF EXECUTION--------------------------------------------------------------
| » Execution Time: 7 sec.
| » Test Steps:     2
| » Passed:         2
| » Failed:         0
| » Success Rate:   100.00%
\---------------------------------------------------------------nexial-core dev_0316-

2018-12-07 01:14:42,148|I|main|ALL PASSED!
