2018-12-07 11:49:22,664|I|Thread-1|(DELAYED) nexial-core dev_0316 starting up...
2018-12-07 11:49:22,675|I|Thread-1|(DELAYED) data file resolved as C:\Users\AL2075\AppData\Local\Temp\AjwlZ\MyFirstProject.data.xlsx
2018-12-07 11:49:22,676|I|Thread-1|(DELAYED) input files and output directory resolved...
2018-12-07 11:49:22,676|I|Thread-1|(DELAYED) No predefined nexial-setup found
2018-12-07 11:49:22,676|I|Thread-1|(DELAYED) [20181207_114922] [C:\projects\MyFirstProject\artifact\script\MyFirstProject.xlsx] resolve RUN ID as 20181207_114922
2018-12-07 11:49:22,676|I|Thread-1|(DELAYED) [20181207_114922] [C:\projects\MyFirstProject\artifact\script\MyFirstProject.xlsx] new thread started
2018-12-07 11:49:22,676|I|Thread-1|No predefined nexial-setup found
2018-12-07 11:49:23,604|I|Thread-1|outputBase not set; output-to-cloud DISABLED!
2018-12-07 11:49:23,605|I|Thread-1|accessKey not set; output-to-cloud DISABLED!
2018-12-07 11:49:23,606|I|Thread-1|secretKey not set; output-to-cloud DISABLED!
2018-12-07 11:49:23,612|I|Thread-1|missing REQUIRED configuration; sms DISABLED!
2018-12-07 11:49:23,745|I|Thread-1|[20181207_114922] executing C:\projects\MyFirstProject\artifact\script\MyFirstProject.xlsx. [1] total 1
2018-12-07 11:49:23,750|I|Thread-1|[20181207_114922] create directory C:\projects\MyFirstProject\output\20181207_114922\captures
2018-12-07 11:49:23,751|I|Thread-1|[20181207_114922] create directory C:\projects\MyFirstProject\output\20181207_114922\logs
2018-12-07 11:49:24,444|I|main|[20181207_114922] [C:\projects\MyFirstProject\artifact\script\MyFirstProject.xlsx] now completed
2018-12-07 11:49:24,445|I|main|[20181207_114922] all execution thread(s) have terminated
2018-12-07 11:49:24,445|I|main|[20181207_114922] test run completed in about 2 seconds
2018-12-07 11:49:24,450|I|main|nexial mailer not enabled: nexial.enableEmail=false
2018-12-07 11:49:24,451|I|main|skipped email notification as configured
2018-12-07 11:49:24,452|I|main|Exiting Nexial...
2018-12-07 11:49:24,460|I|main|

/-END OF EXECUTION--------------------------------------------------------------
| » Execution Time: 2 sec.
| » Test Steps:     0
| » Passed:         0
| » Failed:         0
| » Success Rate:   0.00%
\---------------------------------------------------------------nexial-core dev_0316-

2018-12-07 11:49:24,462|E|main|failure found; success rate is 0.00%
