2018-12-07 11:55:29,299|I|Thread-1|(DELAYED) nexial-core dev_0316 starting up...
2018-12-07 11:55:29,306|I|Thread-1|(DELAYED) data file resolved as C:\Users\AL2075\AppData\Local\Temp\DcZrD\MyFirstProject.data.xlsx
2018-12-07 11:55:29,306|I|Thread-1|(DELAYED) input files and output directory resolved...
2018-12-07 11:55:29,306|I|Thread-1|(DELAYED) No predefined nexial-setup found
2018-12-07 11:55:29,306|I|Thread-1|(DELAYED) [20181207_115529] [C:\projects\MyFirstProject\artifact\script\MyFirstProject.xlsx] resolve RUN ID as 20181207_115529
2018-12-07 11:55:29,306|I|Thread-1|(DELAYED) [20181207_115529] [C:\projects\MyFirstProject\artifact\script\MyFirstProject.xlsx] new thread started
2018-12-07 11:55:29,306|I|Thread-1|No predefined nexial-setup found
2018-12-07 11:55:30,121|I|Thread-1|outputBase not set; output-to-cloud DISABLED!
2018-12-07 11:55:30,121|I|Thread-1|accessKey not set; output-to-cloud DISABLED!
2018-12-07 11:55:30,121|I|Thread-1|secretKey not set; output-to-cloud DISABLED!
2018-12-07 11:55:30,129|I|Thread-1|missing REQUIRED configuration; sms DISABLED!
2018-12-07 11:55:30,244|I|Thread-1|[20181207_115529] executing C:\projects\MyFirstProject\artifact\script\MyFirstProject.xlsx. [1] total 1
2018-12-07 11:55:30,248|I|Thread-1|[20181207_115529] create directory C:\projects\MyFirstProject\output\20181207_115529\captures
2018-12-07 11:55:30,248|I|Thread-1|[20181207_115529] create directory C:\projects\MyFirstProject\output\20181207_115529\logs
2018-12-07 11:55:31,037|I|main|[20181207_115529] [C:\projects\MyFirstProject\artifact\script\MyFirstProject.xlsx] now completed
2018-12-07 11:55:31,040|I|main|[20181207_115529] all execution thread(s) have terminated
2018-12-07 11:55:31,041|I|main|[20181207_115529] test run completed in about 2 seconds
2018-12-07 11:55:31,044|I|main|nexial mailer not enabled: nexial.enableEmail=false
2018-12-07 11:55:31,045|I|main|skipped email notification as configured
2018-12-07 11:55:31,050|I|main|Exiting Nexial...
2018-12-07 11:55:31,056|I|main|

/-END OF EXECUTION--------------------------------------------------------------
| » Execution Time: 2 sec.
| » Test Steps:     0
| » Passed:         0
| » Failed:         0
| » Success Rate:   0.00%
\---------------------------------------------------------------nexial-core dev_0316-

2018-12-07 11:55:31,057|E|main|failure found; success rate is 0.00%
