2018-12-07 11:44:29,710|I|Thread-1|(DELAYED) nexial-core dev_0316 starting up...
2018-12-07 11:44:29,717|I|Thread-1|(DELAYED) data file resolved as C:\Users\AL2075\AppData\Local\Temp\WQSDn\MyFirstProject.data.xlsx
2018-12-07 11:44:29,717|I|Thread-1|(DELAYED) input files and output directory resolved...
2018-12-07 11:44:29,717|I|Thread-1|(DELAYED) No predefined nexial-setup found
2018-12-07 11:44:29,717|I|Thread-1|(DELAYED) [20181207_114429] [C:\projects\MyFirstProject\artifact\script\MyFirstProject.xlsx] resolve RUN ID as 20181207_114429
2018-12-07 11:44:29,717|I|Thread-1|(DELAYED) [20181207_114429] [C:\projects\MyFirstProject\artifact\script\MyFirstProject.xlsx] new thread started
2018-12-07 11:44:29,717|I|Thread-1|No predefined nexial-setup found
2018-12-07 11:44:30,659|I|Thread-1|outputBase not set; output-to-cloud DISABLED!
2018-12-07 11:44:30,660|I|Thread-1|accessKey not set; output-to-cloud DISABLED!
2018-12-07 11:44:30,662|I|Thread-1|secretKey not set; output-to-cloud DISABLED!
2018-12-07 11:44:30,670|I|Thread-1|missing REQUIRED configuration; sms DISABLED!
2018-12-07 11:44:30,812|I|Thread-1|[20181207_114429] executing C:\projects\MyFirstProject\artifact\script\MyFirstProject.xlsx. [1] total 1
2018-12-07 11:44:30,817|I|Thread-1|[20181207_114429] create directory C:\projects\MyFirstProject\output\20181207_114429\captures
2018-12-07 11:44:30,818|I|Thread-1|[20181207_114429] create directory C:\projects\MyFirstProject\output\20181207_114429\logs
2018-12-07 11:44:31,337|I|Thread-1|[20181207_114429] merging test data to tmp file C:\projects\MyFirstProject\output\20181207_114429\MyFirstProject.20181207_114430.001.xlsx
2018-12-07 11:44:31,475|I|Thread-1|[20181207_114429] test script and test data merged to C:\projects\MyFirstProject\output\20181207_114429\MyFirstProject.20181207_114430.001.xlsx
2018-12-07 11:44:32,337|I|Thread-1|STARTS
2018-12-07 11:44:32,372|I|Thread-1|MyFirstProject.20181207_114430.001 - executing iteration #1; Iteration #1 of 1
2018-12-07 11:44:32,379|I|Thread-1|MyFirstProject.20181207_114430.001|Test Scenario - executing test scenario
2018-12-07 11:44:32,384|I|Thread-1|MyFirstProject.20181207_114430.001|Test Scenario|Test Case #1 - executing activity
2018-12-07 11:44:32,989|I|Thread-1|MyFirstProject.20181207_114430.001|Test Scenario|Test Case #1|#  5|base.verbose(text) - executing verbose(text)(Hello World! It's now $(sysdate|now|yyyy-MM-dd HH:mm:ss.S))
2018-12-07 11:44:33,119|I|Thread-1|MyFirstProject.20181207_114430.001|Test Scenario|Test Case #1|#  5|base.verbose(text) - Hello World! It's now 2018-12-07 11:44:33.1
2018-12-07 11:44:33,376|I|Thread-1|MyFirstProject.20181207_114430.001|Test Scenario|Test Case #1|#  5|base.verbose(text) - PASS 
2018-12-07 11:44:33,984|I|Thread-1|MyFirstProject.20181207_114430.001|Test Scenario|Test Case #1|#  6|base.section(steps) - executing section(steps)(2)
2018-12-07 11:44:33,994|I|Thread-1|MyFirstProject.20181207_114430.001|Test Scenario|Test Case #1|#  6|base.section(steps) - PASS 
2018-12-07 11:44:34,603|I|Thread-1|MyFirstProject.20181207_114430.001|Test Scenario|Test Case #1|#  7|Base.macro(file,sheet,nam - executing macro(file,sheet,name)(nexial-macro, MacroLibrary, sample_greetings)
2018-12-07 11:44:34,610|E|Thread-1|null
2018-12-07 11:44:34,617|I|Thread-1|MyFirstProject.20181207_114430.001|Test Scenario|Test Case #1|#  7|Base.macro(file,sheet,nam - FAIL 
2018-12-07 11:44:34,686|I|Thread-1|MyFirstProject.20181207_114430.001|Test Scenario - saving test scenario
2018-12-07 11:44:34,866|I|Thread-1|[20181207_114429] 
/-TEST COMPLETE-----------------------------------------------------------------
| Test Output:    C:\projects\MyFirstProject\output\20181207_114429\MyFirstProject.20181207_114430.001.xlsx
| Iteration:      1
\-------------------------------------------------------------------------------
» Execution Time: 2474 ms
» Test Steps:     3
» Error(s):       1



2018-12-07 11:44:36,800|I|Thread-1|[20181207_114429] 
/-TEST COMPLETE-----------------------------------------------------------------
| Test Script:    C:\projects\MyFirstProject\artifact\script\MyFirstProject.xlsx
\-------------------------------------------------------------------------------
» Execution Time: 7255 ms
» Iterations:     [1] total 1
» Test Steps:     3
» Passed:         2
» Error(s):       1



2018-12-07 11:44:37,524|I|main|[20181207_114429] [C:\projects\MyFirstProject\artifact\script\MyFirstProject.xlsx] now completed
2018-12-07 11:44:37,527|I|main|[20181207_114429] all execution thread(s) have terminated
2018-12-07 11:44:37,529|I|main|[20181207_114429] test run completed in about 8 seconds
2018-12-07 11:44:37,531|I|main|nexial mailer not enabled: nexial.enableEmail=false
2018-12-07 11:44:37,532|I|main|skipped email notification as configured
2018-12-07 11:44:37,538|I|main|Exiting Nexial...
2018-12-07 11:44:37,544|I|main|

/-END OF EXECUTION--------------------------------------------------------------
| » Execution Time: 8 sec.
| » Test Steps:     3
| » Passed:         2
| » Failed:         1
| » Success Rate:   66.67%
\---------------------------------------------------------------nexial-core dev_0316-

2018-12-07 11:44:37,546|E|main|failure found; success rate is 66.67%
