2018-12-08 12:38:31,168|I|Thread-1|(DELAYED) nexial-core dev_0316 starting up...
2018-12-08 12:38:31,175|I|Thread-1|(DELAYED) data file resolved as C:\Users\AL2075\AppData\Local\Temp\fPqlO\MyFirstProject.data.xlsx
2018-12-08 12:38:31,175|I|Thread-1|(DELAYED) input files and output directory resolved...
2018-12-08 12:38:31,175|I|Thread-1|(DELAYED) No predefined nexial-setup found
2018-12-08 12:38:31,175|I|Thread-1|(DELAYED) [20181208_123830] [C:\projects\MyFirstProject\artifact\script\MyFirstProject.xlsx] resolve RUN ID as 20181208_123830
2018-12-08 12:38:31,175|I|Thread-1|(DELAYED) [20181208_123830] [C:\projects\MyFirstProject\artifact\script\MyFirstProject.xlsx] new thread started
2018-12-08 12:38:31,176|I|Thread-1|No predefined nexial-setup found
2018-12-08 12:38:31,956|I|Thread-1|outputBase not set; output-to-cloud DISABLED!
2018-12-08 12:38:31,957|I|Thread-1|accessKey not set; output-to-cloud DISABLED!
2018-12-08 12:38:31,957|I|Thread-1|secretKey not set; output-to-cloud DISABLED!
2018-12-08 12:38:31,965|I|Thread-1|missing REQUIRED configuration; sms DISABLED!
2018-12-08 12:38:32,095|I|Thread-1|[20181208_123830] executing C:\projects\MyFirstProject\artifact\script\MyFirstProject.xlsx. [1] total 1
2018-12-08 12:38:32,101|I|Thread-1|[20181208_123830] create directory C:\projects\MyFirstProject\output\20181208_123830\captures
2018-12-08 12:38:32,102|I|Thread-1|[20181208_123830] create directory C:\projects\MyFirstProject\output\20181208_123830\logs
2018-12-08 12:38:32,988|I|main|[20181208_123830] [C:\projects\MyFirstProject\artifact\script\MyFirstProject.xlsx] now completed
2018-12-08 12:38:32,990|I|main|[20181208_123830] all execution thread(s) have terminated
2018-12-08 12:38:32,992|I|main|[20181208_123830] test run completed in about 2 seconds
2018-12-08 12:38:32,994|I|main|nexial mailer not enabled: nexial.enableEmail=false
2018-12-08 12:38:32,996|I|main|skipped email notification as configured
2018-12-08 12:38:33,004|I|main|Exiting Nexial...
2018-12-08 12:38:33,009|I|main|

/-END OF EXECUTION--------------------------------------------------------------
| » Execution Time: 2 sec.
| » Test Steps:     0
| » Passed:         0
| » Failed:         0
| » Success Rate:   0.00%
\---------------------------------------------------------------nexial-core dev_0316-

2018-12-08 12:38:33,010|E|main|failure found; success rate is 0.00%
