2018-12-08 18:56:18,003|I|Thread-1|(DELAYED) nexial-core dev_0316 starting up...
2018-12-08 18:56:18,009|I|Thread-1|(DELAYED) data file resolved as C:\Users\AL2075\AppData\Local\Temp\WpePm\t.data.xlsx
2018-12-08 18:56:18,009|I|Thread-1|(DELAYED) input files and output directory resolved...
2018-12-08 18:56:18,009|I|Thread-1|(DELAYED) No predefined nexial-setup found
2018-12-08 18:56:18,009|I|Thread-1|(DELAYED) [20181208_185617] [C:\projects\MyFirstProject\artifact\script\t.xlsx] resolve RUN ID as 20181208_185617
2018-12-08 18:56:18,009|I|Thread-1|(DELAYED) [20181208_185617] [C:\projects\MyFirstProject\artifact\script\t.xlsx] new thread started
2018-12-08 18:56:18,009|I|Thread-1|No predefined nexial-setup found
2018-12-08 18:56:18,784|I|Thread-1|outputBase not set; output-to-cloud DISABLED!
2018-12-08 18:56:18,785|I|Thread-1|accessKey not set; output-to-cloud DISABLED!
2018-12-08 18:56:18,786|I|Thread-1|secretKey not set; output-to-cloud DISABLED!
2018-12-08 18:56:18,794|I|Thread-1|missing REQUIRED configuration; sms DISABLED!
2018-12-08 18:56:18,917|I|Thread-1|[20181208_185617] executing C:\projects\MyFirstProject\artifact\script\t.xlsx. [1] total 1
2018-12-08 18:56:18,925|I|Thread-1|[20181208_185617] create directory C:\projects\MyFirstProject\output\20181208_185617\captures
2018-12-08 18:56:18,926|I|Thread-1|[20181208_185617] create directory C:\projects\MyFirstProject\output\20181208_185617\logs
2018-12-08 18:56:20,868|I|Thread-1|macro(s) found and merged; C:\projects\MyFirstProject\output\20181208_185617\t.20181208_185618.001.xlsx will need to be saved
2018-12-08 18:56:20,870|I|Thread-1|[20181208_185617] merging test data to tmp file C:\projects\MyFirstProject\output\20181208_185617\t.20181208_185618.001.xlsx
2018-12-08 18:56:21,039|I|Thread-1|[20181208_185617] test script and test data merged to C:\projects\MyFirstProject\output\20181208_185617\t.20181208_185618.001.xlsx
2018-12-08 18:56:22,542|I|Thread-1|STARTS
2018-12-08 18:56:22,580|I|Thread-1|t.20181208_185618.001 - executing iteration #1; Iteration #1 of 1
2018-12-08 18:56:22,589|I|Thread-1|t.20181208_185618.001|Test Scenario - executing test scenario
2018-12-08 18:56:22,591|I|Thread-1|t.20181208_185618.001|Test Scenario|Test Case #1 - executing activity
2018-12-08 18:56:23,209|I|Thread-1|t.20181208_185618.001|Test Scenario|Test Case #1|#  5|base.verbose(text) - executing verbose(text)(Hello World! It's now $(sysdate|now|yyyy-MM-dd HH:mm:ss.S))
2018-12-08 18:56:23,419|I|Thread-1|t.20181208_185618.001|Test Scenario|Test Case #1|#  5|base.verbose(text) - Hello World! It's now 2018-12-08 18:56:23.213
2018-12-08 18:56:23,557|I|Thread-1|t.20181208_185618.001|Test Scenario|Test Case #1|#  5|base.verbose(text) - PASS 
2018-12-08 18:56:23,563|I|Thread-1|t.20181208_185618.001|Test Scenario|Test Case #2 - executing activity
2018-12-08 18:56:24,171|I|Thread-1|t.20181208_185618.001|Test Scenario|Test Case #2|#  6|base.save(var,value) - executing save(var,value)(num, 10)
2018-12-08 18:56:24,177|I|Thread-1|t.20181208_185618.001|Test Scenario|Test Case #2|#  6|base.save(var,value) - PASS stored '10' as ${num}
2018-12-08 18:56:24,177|I|Thread-1|t.20181208_185618.001|Test Scenario|Test Case #3 - executing activity
2018-12-08 18:56:24,789|I|Thread-1|t.20181208_185618.001|Test Scenario|Test Case #3|#  7|base.section(steps) - executing section(steps)(3)
2018-12-08 18:56:24,795|I|Thread-1|t.20181208_185618.001|Test Scenario|Test Case #3|#  7|base.section(steps) - PASS 
2018-12-08 18:56:24,798|I|Thread-1|t.20181208_185618.001|Test Scenario|Test Case #4 - executing activity
2018-12-08 18:56:25,405|I|Thread-1|t.20181208_185618.001|Test Scenario|Test Case #4|#  8|base.section(steps) - executing section(steps)(4)
2018-12-08 18:56:25,410|I|Thread-1|t.20181208_185618.001|Test Scenario|Test Case #4|#  8|base.section(steps) - PASS 
2018-12-08 18:56:25,412|I|Thread-1|t.20181208_185618.001|Test Scenario|Test Case #5 - executing activity
2018-12-08 18:56:26,022|I|Thread-1|t.20181208_185618.001|Test Scenario|Test Case #5|#  9|base.verbose(text) - executing verbose(text)(${num} ${a})
2018-12-08 18:56:26,026|I|Thread-1|t.20181208_185618.001|Test Scenario|Test Case #5|#  9|base.verbose(text) - 10 
2018-12-08 18:56:26,031|I|Thread-1|t.20181208_185618.001|Test Scenario|Test Case #5|#  9|base.verbose(text) - PASS 
2018-12-08 18:56:26,032|I|Thread-1|t.20181208_185618.001|Test Scenario|Test Case #6 - executing activity
2018-12-08 18:56:26,646|I|Thread-1|t.20181208_185618.001|Test Scenario|Test Case #6|# 10|base.section(steps) - executing section(steps)(1)
2018-12-08 18:56:26,652|I|Thread-1|t.20181208_185618.001|Test Scenario|Test Case #6|# 10|base.section(steps) - PASS 
2018-12-08 18:56:27,279|I|Thread-1|t.20181208_185618.001|Test Scenario|Test Case #6|# 11|base.verbose(text) - executing verbose(text)(Enter)
2018-12-08 18:56:27,284|I|Thread-1|t.20181208_185618.001|Test Scenario|Test Case #6|# 11|base.verbose(text) - Enter
2018-12-08 18:56:27,290|I|Thread-1|t.20181208_185618.001|Test Scenario|Test Case #6|# 11|base.verbose(text) - PASS 
2018-12-08 18:56:27,290|I|Thread-1|t.20181208_185618.001|Test Scenario|Test Case #7 - executing activity
2018-12-08 18:56:27,904|I|Thread-1|t.20181208_185618.001|Test Scenario|Test Case #7|# 12|base.section(steps) - executing section(steps)(1)
2018-12-08 18:56:27,911|I|Thread-1|t.20181208_185618.001|Test Scenario|Test Case #7|# 12|base.section(steps) - PASS 
2018-12-08 18:56:28,539|I|Thread-1|t.20181208_185618.001|Test Scenario|Test Case #7|# 13|base.save(var,value) - executing save(var,value)(a, 11)
2018-12-08 18:56:28,546|I|Thread-1|t.20181208_185618.001|Test Scenario|Test Case #7|# 13|base.save(var,value) - PASS stored '11' as ${a}
2018-12-08 18:56:28,549|I|Thread-1|t.20181208_185618.001|Test Scenario|Test Case #8 - executing activity
2018-12-08 18:56:29,152|I|Thread-1|t.20181208_185618.001|Test Scenario|Test Case #8|# 14|base.verbose(text) - executing verbose(text)(${a})
2018-12-08 18:56:29,158|I|Thread-1|t.20181208_185618.001|Test Scenario|Test Case #8|# 14|base.verbose(text) - 11
2018-12-08 18:56:29,164|I|Thread-1|t.20181208_185618.001|Test Scenario|Test Case #8|# 14|base.verbose(text) - PASS 
2018-12-08 18:56:29,181|I|Thread-1|t.20181208_185618.001|Test Scenario - saving test scenario
2018-12-08 18:56:29,356|I|Thread-1|[20181208_185617] 
/-TEST COMPLETE-----------------------------------------------------------------
| Test Output:    C:\projects\MyFirstProject\output\20181208_185617\t.20181208_185618.001.xlsx
| Iteration:      1
\-------------------------------------------------------------------------------
» Execution Time: 6757 ms
» Test Steps:     10
» Error(s):       0



2018-12-08 18:56:31,957|I|Thread-1|[20181208_185617] 
/-TEST COMPLETE-----------------------------------------------------------------
| Test Script:    C:\projects\MyFirstProject\artifact\script\t.xlsx
\-------------------------------------------------------------------------------
» Execution Time: 14108 ms
» Iterations:     [1] total 1
» Test Steps:     10
» Passed:         10
» Error(s):       0



2018-12-08 18:56:32,916|I|main|[20181208_185617] [C:\projects\MyFirstProject\artifact\script\t.xlsx] now completed
2018-12-08 18:56:32,919|I|main|[20181208_185617] all execution thread(s) have terminated
2018-12-08 18:56:32,920|I|main|[20181208_185617] test run completed in about 15 seconds
2018-12-08 18:56:32,923|I|main|nexial mailer not enabled: nexial.enableEmail=false
2018-12-08 18:56:32,924|I|main|skipped email notification as configured
2018-12-08 18:56:32,929|I|main|Exiting Nexial...
2018-12-08 18:56:32,934|I|main|

/-END OF EXECUTION--------------------------------------------------------------
| » Execution Time: 15 sec.
| » Test Steps:     10
| » Passed:         10
| » Failed:         0
| » Success Rate:   100.00%
\---------------------------------------------------------------nexial-core dev_0316-

2018-12-08 18:56:32,936|I|main|ALL PASSED!
