2018-12-07 11:58:31,160|I|Thread-1|(DELAYED) nexial-core dev_0316 starting up...
2018-12-07 11:58:31,169|I|Thread-1|(DELAYED) data file resolved as C:\Users\AL2075\AppData\Local\Temp\SXYUX\MyFirstProject.data.xlsx
2018-12-07 11:58:31,169|I|Thread-1|(DELAYED) input files and output directory resolved...
2018-12-07 11:58:31,169|I|Thread-1|(DELAYED) No predefined nexial-setup found
2018-12-07 11:58:31,169|I|Thread-1|(DELAYED) [20181207_115830] [C:\projects\MyFirstProject\artifact\script\MyFirstProject.xlsx] resolve RUN ID as 20181207_115830
2018-12-07 11:58:31,169|I|Thread-1|(DELAYED) [20181207_115830] [C:\projects\MyFirstProject\artifact\script\MyFirstProject.xlsx] new thread started
2018-12-07 11:58:31,170|I|Thread-1|No predefined nexial-setup found
2018-12-07 11:58:31,952|I|Thread-1|outputBase not set; output-to-cloud DISABLED!
2018-12-07 11:58:31,953|I|Thread-1|accessKey not set; output-to-cloud DISABLED!
2018-12-07 11:58:31,954|I|Thread-1|secretKey not set; output-to-cloud DISABLED!
2018-12-07 11:58:31,961|I|Thread-1|missing REQUIRED configuration; sms DISABLED!
2018-12-07 11:58:32,076|I|Thread-1|[20181207_115830] executing C:\projects\MyFirstProject\artifact\script\MyFirstProject.xlsx. [1] total 1
2018-12-07 11:58:32,086|I|Thread-1|[20181207_115830] create directory C:\projects\MyFirstProject\output\20181207_115830\captures
2018-12-07 11:58:32,087|I|Thread-1|[20181207_115830] create directory C:\projects\MyFirstProject\output\20181207_115830\logs
2018-12-07 11:58:32,880|I|main|[20181207_115830] [C:\projects\MyFirstProject\artifact\script\MyFirstProject.xlsx] now completed
2018-12-07 11:58:32,888|I|main|[20181207_115830] all execution thread(s) have terminated
2018-12-07 11:58:32,890|I|main|[20181207_115830] test run completed in about 2 seconds
2018-12-07 11:58:32,897|I|main|nexial mailer not enabled: nexial.enableEmail=false
2018-12-07 11:58:32,898|I|main|skipped email notification as configured
2018-12-07 11:58:32,909|I|main|Exiting Nexial...
2018-12-07 11:58:32,915|I|main|

/-END OF EXECUTION--------------------------------------------------------------
| » Execution Time: 2 sec.
| » Test Steps:     0
| » Passed:         0
| » Failed:         0
| » Success Rate:   0.00%
\---------------------------------------------------------------nexial-core dev_0316-

2018-12-07 11:58:32,920|E|main|failure found; success rate is 0.00%
