2018-12-08 13:15:23,376|I|Thread-1|(DELAYED) nexial-core dev_0316 starting up...
2018-12-08 13:15:23,376|I|Thread-1|(DELAYED) data file resolved as C:\Users\AL2075\AppData\Local\Temp\sgYid\MyFirstProject.data.xlsx
2018-12-08 13:15:23,376|I|Thread-1|(DELAYED) input files and output directory resolved...
2018-12-08 13:15:23,376|I|Thread-1|(DELAYED) No predefined nexial-setup found
2018-12-08 13:15:23,376|I|Thread-1|(DELAYED) [20181208_131523] [C:\projects\MyFirstProject\artifact\script\MyFirstProject.xlsx] resolve RUN ID as 20181208_131523
2018-12-08 13:15:23,376|I|Thread-1|(DELAYED) [20181208_131523] [C:\projects\MyFirstProject\artifact\script\MyFirstProject.xlsx] new thread started
2018-12-08 13:15:23,376|I|Thread-1|No predefined nexial-setup found
2018-12-08 13:15:24,177|I|Thread-1|outputBase not set; output-to-cloud DISABLED!
2018-12-08 13:15:24,178|I|Thread-1|accessKey not set; output-to-cloud DISABLED!
2018-12-08 13:15:24,178|I|Thread-1|secretKey not set; output-to-cloud DISABLED!
2018-12-08 13:15:24,186|I|Thread-1|missing REQUIRED configuration; sms DISABLED!
2018-12-08 13:15:24,324|I|Thread-1|[20181208_131523] executing C:\projects\MyFirstProject\artifact\script\MyFirstProject.xlsx. [1] total 1
2018-12-08 13:15:24,332|I|Thread-1|[20181208_131523] create directory C:\projects\MyFirstProject\output\20181208_131523\captures
2018-12-08 13:15:24,333|I|Thread-1|[20181208_131523] create directory C:\projects\MyFirstProject\output\20181208_131523\logs
2018-12-08 13:15:24,962|I|Thread-1|macro(s) found and merged; C:\projects\MyFirstProject\output\20181208_131523\MyFirstProject.20181208_131524.001.xlsx will need to be saved
2018-12-08 13:15:24,964|I|Thread-1|[20181208_131523] merging test data to tmp file C:\projects\MyFirstProject\output\20181208_131523\MyFirstProject.20181208_131524.001.xlsx
2018-12-08 13:15:25,061|I|Thread-1|[20181208_131523] test script and test data merged to C:\projects\MyFirstProject\output\20181208_131523\MyFirstProject.20181208_131524.001.xlsx
2018-12-08 13:15:26,022|I|Thread-1|STARTS
2018-12-08 13:15:26,049|I|Thread-1|MyFirstProject.20181208_131524.001 - executing iteration #1; Iteration #1 of 1
2018-12-08 13:15:26,052|I|Thread-1|MyFirstProject.20181208_131524.001|Test Scenario - executing test scenario
2018-12-08 13:15:26,061|I|Thread-1|MyFirstProject.20181208_131524.001|Test Scenario|Test Case #1 - executing activity
2018-12-08 13:15:26,675|I|Thread-1|MyFirstProject.20181208_131524.001|Test Scenario|Test Case #1|#  5|base.verbose(text) - executing verbose(text)(Hello World! It's now $(sysdate|now|yyyy-MM-dd HH:mm:ss.S))
2018-12-08 13:15:26,797|I|Thread-1|MyFirstProject.20181208_131524.001|Test Scenario|Test Case #1|#  5|base.verbose(text) - Hello World! It's now 2018-12-08 13:15:26.687
2018-12-08 13:15:27,066|I|Thread-1|MyFirstProject.20181208_131524.001|Test Scenario|Test Case #1|#  5|base.verbose(text) - PASS 
2018-12-08 13:15:27,068|I|Thread-1|MyFirstProject.20181208_131524.001|Test Scenario|Test Case #2 - executing activity
2018-12-08 13:15:27,677|I|Thread-1|MyFirstProject.20181208_131524.001|Test Scenario|Test Case #2|#  6|base.save(var,value) - executing save(var,value)(num, 10)
2018-12-08 13:15:27,685|I|Thread-1|MyFirstProject.20181208_131524.001|Test Scenario|Test Case #2|#  6|base.save(var,value) - PASS stored '10' as ${num}
2018-12-08 13:15:27,688|I|Thread-1|MyFirstProject.20181208_131524.001|Test Scenario|Test Case #3 - executing activity
2018-12-08 13:15:28,293|I|Thread-1|MyFirstProject.20181208_131524.001|Test Scenario|Test Case #3|#  7|base.section(steps) - executing section(steps)(3)
2018-12-08 13:15:28,302|I|Thread-1|MyFirstProject.20181208_131524.001|Test Scenario|Test Case #3|#  7|base.section(steps) - PASS 
2018-12-08 13:15:28,305|I|Thread-1|MyFirstProject.20181208_131524.001|Test Scenario|Test Case #4 - executing activity
2018-12-08 13:15:28,910|I|Thread-1|MyFirstProject.20181208_131524.001|Test Scenario|Test Case #4|#  8|base.section(steps) - executing section(steps)(4)
2018-12-08 13:15:28,918|I|Thread-1|MyFirstProject.20181208_131524.001|Test Scenario|Test Case #4|#  8|base.section(steps) - PASS 
2018-12-08 13:15:28,923|I|Thread-1|MyFirstProject.20181208_131524.001|Test Scenario|Test Case #5 - executing activity
2018-12-08 13:15:29,532|I|Thread-1|MyFirstProject.20181208_131524.001|Test Scenario|Test Case #5|#  9|base.verbose(text) - executing verbose(text)(${num} ${a})
2018-12-08 13:15:29,539|I|Thread-1|MyFirstProject.20181208_131524.001|Test Scenario|Test Case #5|#  9|base.verbose(text) - 10 
2018-12-08 13:15:29,550|I|Thread-1|MyFirstProject.20181208_131524.001|Test Scenario|Test Case #5|#  9|base.verbose(text) - PASS 
2018-12-08 13:15:29,553|I|Thread-1|MyFirstProject.20181208_131524.001|Test Scenario|Test Case #6 - executing activity
2018-12-08 13:15:30,156|I|Thread-1|MyFirstProject.20181208_131524.001|Test Scenario|Test Case #6|# 10|base.section(steps) - executing section(steps)(1)
2018-12-08 13:15:30,167|I|Thread-1|MyFirstProject.20181208_131524.001|Test Scenario|Test Case #6|# 10|base.section(steps) - PASS 
2018-12-08 13:15:30,781|I|Thread-1|MyFirstProject.20181208_131524.001|Test Scenario|Test Case #6|# 11|base.verbose(text) - executing verbose(text)(Enter)
2018-12-08 13:15:30,787|I|Thread-1|MyFirstProject.20181208_131524.001|Test Scenario|Test Case #6|# 11|base.verbose(text) - Enter
2018-12-08 13:15:30,794|I|Thread-1|MyFirstProject.20181208_131524.001|Test Scenario|Test Case #6|# 11|base.verbose(text) - PASS 
2018-12-08 13:15:30,794|I|Thread-1|MyFirstProject.20181208_131524.001|Test Scenario|Test Case #7 - executing activity
2018-12-08 13:15:31,403|I|Thread-1|MyFirstProject.20181208_131524.001|Test Scenario|Test Case #7|# 12|base.section(steps) - executing section(steps)(4)
2018-12-08 13:15:31,414|I|Thread-1|MyFirstProject.20181208_131524.001|Test Scenario|Test Case #7|# 12|base.section(steps) - PASS 
2018-12-08 13:15:31,417|I|Thread-1|MyFirstProject.20181208_131524.001|Test Scenario|Test Case #8 - executing activity
2018-12-08 13:15:32,026|I|Thread-1|MyFirstProject.20181208_131524.001|Test Scenario|Test Case #8|# 13|base.verbose(text) - executing verbose(text)(${a})
2018-12-08 13:15:32,037|I|Thread-1|MyFirstProject.20181208_131524.001|Test Scenario|Test Case #8|# 13|base.verbose(text) - PASS 
2018-12-08 13:15:32,047|I|Thread-1|MyFirstProject.20181208_131524.001|Test Scenario - saving test scenario
2018-12-08 13:15:32,200|I|Thread-1|[20181208_131523] 
/-TEST COMPLETE-----------------------------------------------------------------
| Test Output:    C:\projects\MyFirstProject\output\20181208_131523\MyFirstProject.20181208_131524.001.xlsx
| Iteration:      1
\-------------------------------------------------------------------------------
» Execution Time: 6137 ms
» Test Steps:     9
» Error(s):       0



2018-12-08 13:15:33,986|I|Thread-1|[20181208_131523] 
/-TEST COMPLETE-----------------------------------------------------------------
| Test Script:    C:\projects\MyFirstProject\artifact\script\MyFirstProject.xlsx
\-------------------------------------------------------------------------------
» Execution Time: 10774 ms
» Iterations:     [1] total 1
» Test Steps:     9
» Passed:         9
» Error(s):       0



2018-12-08 13:15:34,269|I|main|[20181208_131523] [C:\projects\MyFirstProject\artifact\script\MyFirstProject.xlsx] now completed
2018-12-08 13:15:34,272|I|main|[20181208_131523] all execution thread(s) have terminated
2018-12-08 13:15:34,273|I|main|[20181208_131523] test run completed in about 11 seconds
2018-12-08 13:15:34,276|I|main|nexial mailer not enabled: nexial.enableEmail=false
2018-12-08 13:15:34,277|I|main|skipped email notification as configured
2018-12-08 13:15:34,282|I|main|Exiting Nexial...
2018-12-08 13:15:34,287|I|main|

/-END OF EXECUTION--------------------------------------------------------------
| » Execution Time: 11 sec.
| » Test Steps:     9
| » Passed:         9
| » Failed:         0
| » Success Rate:   100.00%
\---------------------------------------------------------------nexial-core dev_0316-

2018-12-08 13:15:34,289|I|main|ALL PASSED!
