2018-12-07 01:20:27,019|I|Thread-1|(DELAYED) nexial-core dev_0316 starting up...
2018-12-07 01:20:27,026|I|Thread-1|(DELAYED) data file resolved as C:\Users\AL2075\AppData\Local\Temp\fXPrY\MyFirstProject.data.xlsx
2018-12-07 01:20:27,026|I|Thread-1|(DELAYED) input files and output directory resolved...
2018-12-07 01:20:27,026|I|Thread-1|(DELAYED) No predefined nexial-setup found
2018-12-07 01:20:27,026|I|Thread-1|(DELAYED) [20181207_012026] [C:\projects\MyFirstProject\artifact\script\MyFirstProject.xlsx] resolve RUN ID as 20181207_012026
2018-12-07 01:20:27,026|I|Thread-1|(DELAYED) [20181207_012026] [C:\projects\MyFirstProject\artifact\script\MyFirstProject.xlsx] new thread started
2018-12-07 01:20:27,026|I|Thread-1|No predefined nexial-setup found
2018-12-07 01:20:27,860|I|Thread-1|outputBase not set; output-to-cloud DISABLED!
2018-12-07 01:20:27,861|I|Thread-1|accessKey not set; output-to-cloud DISABLED!
2018-12-07 01:20:27,861|I|Thread-1|secretKey not set; output-to-cloud DISABLED!
2018-12-07 01:20:27,871|I|Thread-1|missing REQUIRED configuration; sms DISABLED!
2018-12-07 01:20:28,012|I|Thread-1|[20181207_012026] executing C:\projects\MyFirstProject\artifact\script\MyFirstProject.xlsx. [1] total 1
2018-12-07 01:20:28,019|I|Thread-1|[20181207_012026] create directory C:\projects\MyFirstProject\output\20181207_012026\captures
2018-12-07 01:20:28,020|I|Thread-1|[20181207_012026] create directory C:\projects\MyFirstProject\output\20181207_012026\logs
2018-12-07 01:20:28,580|I|Thread-1|[20181207_012026] merging test data to tmp file C:\projects\MyFirstProject\output\20181207_012026\MyFirstProject.20181207_012028.001.xlsx
2018-12-07 01:20:28,709|I|Thread-1|[20181207_012026] test script and test data merged to C:\projects\MyFirstProject\output\20181207_012026\MyFirstProject.20181207_012028.001.xlsx
2018-12-07 01:20:29,862|I|Thread-1|STARTS
2018-12-07 01:20:29,895|I|Thread-1|MyFirstProject.20181207_012028.001 - executing iteration #1; Iteration #1 of 1
2018-12-07 01:20:29,904|I|Thread-1|MyFirstProject.20181207_012028.001|Test Scenario - executing test scenario
2018-12-07 01:20:29,906|I|Thread-1|MyFirstProject.20181207_012028.001|Test Scenario|Test Case #1 - executing activity
2018-12-07 01:20:30,528|I|Thread-1|MyFirstProject.20181207_012028.001|Test Scenario|Test Case #1|#  5|base.verbose(text) - executing verbose(text)(Hello World! It's now $(sysdate|now|yyyy-MM-dd HH:mm:ss.S))
2018-12-07 01:20:30,778|I|Thread-1|MyFirstProject.20181207_012028.001|Test Scenario|Test Case #1|#  5|base.verbose(text) - Hello World! It's now 2018-12-07 01:20:30.545
2018-12-07 01:20:30,919|I|Thread-1|MyFirstProject.20181207_012028.001|Test Scenario|Test Case #1|#  5|base.verbose(text) - PASS 
2018-12-07 01:20:31,537|I|Thread-1|MyFirstProject.20181207_012028.001|Test Scenario|Test Case #1|#  6|base.section(steps) - executing section(steps)(2)
2018-12-07 01:20:31,543|I|Thread-1|MyFirstProject.20181207_012028.001|Test Scenario|Test Case #1|#  6|base.section(steps) - PASS 
2018-12-07 01:20:32,162|I|Thread-1|MyFirstProject.20181207_012028.001|Test Scenario|Test Case #1|#  7|Base.macro(file,sheet,nam - executing macro(file,sheet,name)(nexial-macro, MacroLibrary, sample_greetings)
2018-12-07 01:20:32,169|E|Thread-1|null
2018-12-07 01:20:32,175|I|Thread-1|MyFirstProject.20181207_012028.001|Test Scenario|Test Case #1|#  7|Base.macro(file,sheet,nam - FAIL 
2018-12-07 01:20:32,207|I|Thread-1|MyFirstProject.20181207_012028.001|Test Scenario - saving test scenario
2018-12-07 01:20:32,520|I|Thread-1|[20181207_012026] 
/-TEST COMPLETE-----------------------------------------------------------------
| Test Output:    C:\projects\MyFirstProject\output\20181207_012026\MyFirstProject.20181207_012028.001.xlsx
| Iteration:      1
\-------------------------------------------------------------------------------
» Execution Time: 2603 ms
» Test Steps:     3
» Error(s):       1



2018-12-07 01:20:34,487|I|Thread-1|[20181207_012026] 
/-TEST COMPLETE-----------------------------------------------------------------
| Test Script:    C:\projects\MyFirstProject\artifact\script\MyFirstProject.xlsx
\-------------------------------------------------------------------------------
» Execution Time: 7675 ms
» Iterations:     [1] total 1
» Test Steps:     3
» Passed:         2
» Error(s):       1



2018-12-07 01:20:34,809|I|main|[20181207_012026] [C:\projects\MyFirstProject\artifact\script\MyFirstProject.xlsx] now completed
2018-12-07 01:20:34,812|I|main|[20181207_012026] all execution thread(s) have terminated
2018-12-07 01:20:34,814|I|main|[20181207_012026] test run completed in about 8 seconds
2018-12-07 01:20:34,815|I|main|nexial mailer not enabled: nexial.enableEmail=false
2018-12-07 01:20:34,817|I|main|skipped email notification as configured
2018-12-07 01:20:34,822|I|main|Exiting Nexial...
2018-12-07 01:20:34,827|I|main|

/-END OF EXECUTION--------------------------------------------------------------
| » Execution Time: 8 sec.
| » Test Steps:     3
| » Passed:         2
| » Failed:         1
| » Success Rate:   66.67%
\---------------------------------------------------------------nexial-core dev_0316-

2018-12-07 01:20:34,830|E|main|failure found; success rate is 66.67%
