2018-12-08 12:56:22,885|I|Thread-1|(DELAYED) nexial-core dev_0316 starting up...
2018-12-08 12:56:22,892|I|Thread-1|(DELAYED) data file resolved as C:\Users\AL2075\AppData\Local\Temp\IbaUK\MyFirstProject.data.xlsx
2018-12-08 12:56:22,892|I|Thread-1|(DELAYED) input files and output directory resolved...
2018-12-08 12:56:22,893|I|Thread-1|(DELAYED) No predefined nexial-setup found
2018-12-08 12:56:22,893|I|Thread-1|(DELAYED) [20181208_125622] [C:\projects\MyFirstProject\artifact\script\MyFirstProject.xlsx] resolve RUN ID as 20181208_125622
2018-12-08 12:56:22,893|I|Thread-1|(DELAYED) [20181208_125622] [C:\projects\MyFirstProject\artifact\script\MyFirstProject.xlsx] new thread started
2018-12-08 12:56:22,893|I|Thread-1|No predefined nexial-setup found
2018-12-08 12:56:23,663|I|Thread-1|outputBase not set; output-to-cloud DISABLED!
2018-12-08 12:56:23,672|I|Thread-1|accessKey not set; output-to-cloud DISABLED!
2018-12-08 12:56:23,673|I|Thread-1|secretKey not set; output-to-cloud DISABLED!
2018-12-08 12:56:23,687|I|Thread-1|missing REQUIRED configuration; sms DISABLED!
2018-12-08 12:56:23,816|I|Thread-1|[20181208_125622] executing C:\projects\MyFirstProject\artifact\script\MyFirstProject.xlsx. [1] total 1
2018-12-08 12:56:23,822|I|Thread-1|[20181208_125622] create directory C:\projects\MyFirstProject\output\20181208_125622\captures
2018-12-08 12:56:23,823|I|Thread-1|[20181208_125622] create directory C:\projects\MyFirstProject\output\20181208_125622\logs
2018-12-08 12:56:24,363|I|Thread-1|[20181208_125622] merging test data to tmp file C:\projects\MyFirstProject\output\20181208_125622\MyFirstProject.20181208_125623.001.xlsx
2018-12-08 12:56:24,484|I|Thread-1|[20181208_125622] test script and test data merged to C:\projects\MyFirstProject\output\20181208_125622\MyFirstProject.20181208_125623.001.xlsx
2018-12-08 12:56:25,429|I|Thread-1|STARTS
2018-12-08 12:56:25,465|I|Thread-1|MyFirstProject.20181208_125623.001 - executing iteration #1; Iteration #1 of 1
2018-12-08 12:56:25,474|I|Thread-1|MyFirstProject.20181208_125623.001|Test Scenario - executing test scenario
2018-12-08 12:56:25,476|I|Thread-1|MyFirstProject.20181208_125623.001|Test Scenario|Test Case #1 - executing activity
2018-12-08 12:56:26,088|I|Thread-1|MyFirstProject.20181208_125623.001|Test Scenario|Test Case #1|#  5|base.verbose(text) - executing verbose(text)(Hello World! It's now $(sysdate|now|yyyy-MM-dd HH:mm:ss.S))
2018-12-08 12:56:26,224|I|Thread-1|MyFirstProject.20181208_125623.001|Test Scenario|Test Case #1|#  5|base.verbose(text) - Hello World! It's now 2018-12-08 12:56:26.102
2018-12-08 12:56:26,490|I|Thread-1|MyFirstProject.20181208_125623.001|Test Scenario|Test Case #1|#  5|base.verbose(text) - PASS 
2018-12-08 12:56:26,491|I|Thread-1|MyFirstProject.20181208_125623.001|Test Scenario|Test Case #2 - executing activity
2018-12-08 12:56:27,094|I|Thread-1|MyFirstProject.20181208_125623.001|Test Scenario|Test Case #2|#  6|base.save(var,value) - executing save(var,value)(num, 10)
2018-12-08 12:56:27,102|I|Thread-1|MyFirstProject.20181208_125623.001|Test Scenario|Test Case #2|#  6|base.save(var,value) - PASS stored '10' as ${num}
2018-12-08 12:56:27,105|I|Thread-1|MyFirstProject.20181208_125623.001|Test Scenario|Test Case #3 - executing activity
2018-12-08 12:56:27,711|I|Thread-1|MyFirstProject.20181208_125623.001|Test Scenario|Test Case #3|#  7|base.section(steps) - executing section(steps)(3)
2018-12-08 12:56:27,718|I|Thread-1|MyFirstProject.20181208_125623.001|Test Scenario|Test Case #3|#  7|base.section(steps) - PASS 
2018-12-08 12:56:27,724|I|Thread-1|MyFirstProject.20181208_125623.001|Test Scenario|Test Case #4 - executing activity
2018-12-08 12:56:28,334|I|Thread-1|MyFirstProject.20181208_125623.001|Test Scenario|Test Case #4|#  8|base.section(steps) - executing section(steps)(4)
2018-12-08 12:56:28,339|I|Thread-1|MyFirstProject.20181208_125623.001|Test Scenario|Test Case #4|#  8|base.section(steps) - PASS 
2018-12-08 12:56:28,340|I|Thread-1|MyFirstProject.20181208_125623.001|Test Scenario|Test Case #5 - executing activity
2018-12-08 12:56:28,952|I|Thread-1|MyFirstProject.20181208_125623.001|Test Scenario|Test Case #5|#  9|base.verbose(text) - executing verbose(text)(${a})
2018-12-08 12:56:28,960|I|Thread-1|MyFirstProject.20181208_125623.001|Test Scenario|Test Case #5|#  9|base.verbose(text) - PASS 
2018-12-08 12:56:28,979|I|Thread-1|MyFirstProject.20181208_125623.001|Test Scenario - saving test scenario
2018-12-08 12:56:29,128|I|Thread-1|[20181208_125622] 
/-TEST COMPLETE-----------------------------------------------------------------
| Test Output:    C:\projects\MyFirstProject\output\20181208_125622\MyFirstProject.20181208_125623.001.xlsx
| Iteration:      1
\-------------------------------------------------------------------------------
» Execution Time: 3649 ms
» Test Steps:     5
» Error(s):       0



2018-12-08 12:56:31,011|I|Thread-1|[20181208_125622] 
/-TEST COMPLETE-----------------------------------------------------------------
| Test Script:    C:\projects\MyFirstProject\artifact\script\MyFirstProject.xlsx
\-------------------------------------------------------------------------------
» Execution Time: 8286 ms
» Iterations:     [1] total 1
» Test Steps:     5
» Passed:         5
» Error(s):       0



2018-12-08 12:56:31,785|I|main|[20181208_125622] [C:\projects\MyFirstProject\artifact\script\MyFirstProject.xlsx] now completed
2018-12-08 12:56:31,788|I|main|[20181208_125622] all execution thread(s) have terminated
2018-12-08 12:56:31,790|I|main|[20181208_125622] test run completed in about 9 seconds
2018-12-08 12:56:31,790|I|main|nexial mailer not enabled: nexial.enableEmail=false
2018-12-08 12:56:31,791|I|main|skipped email notification as configured
2018-12-08 12:56:31,793|I|main|Exiting Nexial...
2018-12-08 12:56:31,795|I|main|

/-END OF EXECUTION--------------------------------------------------------------
| » Execution Time: 9 sec.
| » Test Steps:     5
| » Passed:         5
| » Failed:         0
| » Success Rate:   100.00%
\---------------------------------------------------------------nexial-core dev_0316-

2018-12-08 12:56:31,795|I|main|ALL PASSED!
