2018-12-08 12:39:37,891|I|Thread-1|(DELAYED) nexial-core dev_0316 starting up...
2018-12-08 12:39:37,891|I|Thread-1|(DELAYED) data file resolved as C:\Users\AL2075\AppData\Local\Temp\TQdRG\MyFirstProject.data.xlsx
2018-12-08 12:39:37,891|I|Thread-1|(DELAYED) input files and output directory resolved...
2018-12-08 12:39:37,891|I|Thread-1|(DELAYED) No predefined nexial-setup found
2018-12-08 12:39:37,891|I|Thread-1|(DELAYED) [20181208_123937] [C:\projects\MyFirstProject\artifact\script\MyFirstProject.xlsx] resolve RUN ID as 20181208_123937
2018-12-08 12:39:37,891|I|Thread-1|(DELAYED) [20181208_123937] [C:\projects\MyFirstProject\artifact\script\MyFirstProject.xlsx] new thread started
2018-12-08 12:39:37,902|I|Thread-1|No predefined nexial-setup found
2018-12-08 12:39:38,728|I|Thread-1|outputBase not set; output-to-cloud DISABLED!
2018-12-08 12:39:38,728|I|Thread-1|accessKey not set; output-to-cloud DISABLED!
2018-12-08 12:39:38,728|I|Thread-1|secretKey not set; output-to-cloud DISABLED!
2018-12-08 12:39:38,738|I|Thread-1|missing REQUIRED configuration; sms DISABLED!
2018-12-08 12:39:38,875|I|Thread-1|[20181208_123937] executing C:\projects\MyFirstProject\artifact\script\MyFirstProject.xlsx. [1] total 1
2018-12-08 12:39:38,881|I|Thread-1|[20181208_123937] create directory C:\projects\MyFirstProject\output\20181208_123937\captures
2018-12-08 12:39:38,882|I|Thread-1|[20181208_123937] create directory C:\projects\MyFirstProject\output\20181208_123937\logs
2018-12-08 12:39:39,708|I|main|[20181208_123937] [C:\projects\MyFirstProject\artifact\script\MyFirstProject.xlsx] now completed
2018-12-08 12:39:39,714|I|main|[20181208_123937] all execution thread(s) have terminated
2018-12-08 12:39:39,716|I|main|[20181208_123937] test run completed in about 2 seconds
2018-12-08 12:39:39,722|I|main|nexial mailer not enabled: nexial.enableEmail=false
2018-12-08 12:39:39,729|I|main|skipped email notification as configured
2018-12-08 12:39:39,738|I|main|Exiting Nexial...
2018-12-08 12:39:39,744|I|main|

/-END OF EXECUTION--------------------------------------------------------------
| » Execution Time: 2 sec.
| » Test Steps:     0
| » Passed:         0
| » Failed:         0
| » Success Rate:   0.00%
\---------------------------------------------------------------nexial-core dev_0316-

2018-12-08 12:39:39,747|E|main|failure found; success rate is 0.00%
