2018-12-07 11:51:04,606|I|Thread-1|(DELAYED) nexial-core dev_0316 starting up...
2018-12-07 11:51:04,606|I|Thread-1|(DELAYED) data file resolved as C:\Users\AL2075\AppData\Local\Temp\vJreZ\MyFirstProject.data.xlsx
2018-12-07 11:51:04,606|I|Thread-1|(DELAYED) input files and output directory resolved...
2018-12-07 11:51:04,606|I|Thread-1|(DELAYED) No predefined nexial-setup found
2018-12-07 11:51:04,606|I|Thread-1|(DELAYED) [20181207_115104] [C:\projects\MyFirstProject\artifact\script\MyFirstProject.xlsx] resolve RUN ID as 20181207_115104
2018-12-07 11:51:04,606|I|Thread-1|(DELAYED) [20181207_115104] [C:\projects\MyFirstProject\artifact\script\MyFirstProject.xlsx] new thread started
2018-12-07 11:51:04,606|I|Thread-1|No predefined nexial-setup found
2018-12-07 11:51:05,478|I|Thread-1|outputBase not set; output-to-cloud DISABLED!
2018-12-07 11:51:05,479|I|Thread-1|accessKey not set; output-to-cloud DISABLED!
2018-12-07 11:51:05,479|I|Thread-1|secretKey not set; output-to-cloud DISABLED!
2018-12-07 11:51:05,488|I|Thread-1|missing REQUIRED configuration; sms DISABLED!
2018-12-07 11:51:05,622|I|Thread-1|[20181207_115104] executing C:\projects\MyFirstProject\artifact\script\MyFirstProject.xlsx. [1] total 1
2018-12-07 11:51:05,630|I|Thread-1|[20181207_115104] create directory C:\projects\MyFirstProject\output\20181207_115104\captures
2018-12-07 11:51:05,647|I|Thread-1|[20181207_115104] create directory C:\projects\MyFirstProject\output\20181207_115104\logs
2018-12-07 11:51:06,364|I|main|[20181207_115104] [C:\projects\MyFirstProject\artifact\script\MyFirstProject.xlsx] now completed
2018-12-07 11:51:06,366|I|main|[20181207_115104] all execution thread(s) have terminated
2018-12-07 11:51:06,367|I|main|[20181207_115104] test run completed in about 2 seconds
2018-12-07 11:51:06,371|I|main|nexial mailer not enabled: nexial.enableEmail=false
2018-12-07 11:51:06,372|I|main|skipped email notification as configured
2018-12-07 11:51:06,376|I|main|Exiting Nexial...
2018-12-07 11:51:06,381|I|main|

/-END OF EXECUTION--------------------------------------------------------------
| » Execution Time: 2 sec.
| » Test Steps:     0
| » Passed:         0
| » Failed:         0
| » Success Rate:   0.00%
\---------------------------------------------------------------nexial-core dev_0316-

2018-12-07 11:51:06,382|E|main|failure found; success rate is 0.00%
