2018-12-07 01:12:50,874|I|Thread-1|(DELAYED) nexial-core dev_0316 starting up...
2018-12-07 01:12:50,918|I|Thread-1|(DELAYED) data file resolved as C:\Users\AL2075\AppData\Local\Temp\zrYng\MyFirstProject.data.xlsx
2018-12-07 01:12:50,918|I|Thread-1|(DELAYED) input files and output directory resolved...
2018-12-07 01:12:50,918|I|Thread-1|(DELAYED) No predefined nexial-setup found
2018-12-07 01:12:50,918|I|Thread-1|(DELAYED) [20181207_011250] [C:\projects\MyFirstProject\artifact\script\MyFirstProject.xlsx] resolve RUN ID as 20181207_011250
2018-12-07 01:12:50,918|I|Thread-1|(DELAYED) [20181207_011250] [C:\projects\MyFirstProject\artifact\script\MyFirstProject.xlsx] new thread started
2018-12-07 01:12:50,918|I|Thread-1|No predefined nexial-setup found
2018-12-07 01:12:52,401|I|Thread-1|outputBase not set; output-to-cloud DISABLED!
2018-12-07 01:12:52,402|I|Thread-1|accessKey not set; output-to-cloud DISABLED!
2018-12-07 01:12:52,403|I|Thread-1|secretKey not set; output-to-cloud DISABLED!
2018-12-07 01:12:52,411|I|Thread-1|missing REQUIRED configuration; sms DISABLED!
2018-12-07 01:12:52,576|I|Thread-1|[20181207_011250] executing C:\projects\MyFirstProject\artifact\script\MyFirstProject.xlsx. [1] total 1
2018-12-07 01:12:52,585|I|Thread-1|[20181207_011250] create directory C:\projects\MyFirstProject\output\20181207_011250\captures
2018-12-07 01:12:52,586|I|Thread-1|[20181207_011250] create directory C:\projects\MyFirstProject\output\20181207_011250\logs
2018-12-07 01:12:53,221|I|Thread-1|[20181207_011250] merging test data to tmp file C:\projects\MyFirstProject\output\20181207_011250\MyFirstProject.20181207_011252.001.xlsx
2018-12-07 01:12:53,353|I|Thread-1|[20181207_011250] test script and test data merged to C:\projects\MyFirstProject\output\20181207_011250\MyFirstProject.20181207_011252.001.xlsx
2018-12-07 01:12:54,506|I|Thread-1|STARTS
2018-12-07 01:12:54,542|I|Thread-1|MyFirstProject.20181207_011252.001 - executing iteration #1; Iteration #1 of 1
2018-12-07 01:12:54,567|I|Thread-1|MyFirstProject.20181207_011252.001|Test Scenario - executing test scenario
2018-12-07 01:12:54,571|I|Thread-1|MyFirstProject.20181207_011252.001|Test Scenario|Test Case #1 - executing activity
2018-12-07 01:12:55,182|I|Thread-1|MyFirstProject.20181207_011252.001|Test Scenario|Test Case #1|#  5|base.verbose(text) - executing verbose(text)(Hello World! It's now $(sysdate|now|yyyy-MM-dd HH:mm:ss.S))
2018-12-07 01:12:55,314|I|Thread-1|MyFirstProject.20181207_011252.001|Test Scenario|Test Case #1|#  5|base.verbose(text) - Hello World! It's now 2018-12-07 01:12:55.190
2018-12-07 01:12:55,791|I|Thread-1|MyFirstProject.20181207_011252.001|Test Scenario|Test Case #1|#  5|base.verbose(text) - PASS 
2018-12-07 01:12:55,820|I|Thread-1|MyFirstProject.20181207_011252.001|Test Scenario - saving test scenario
2018-12-07 01:12:56,023|I|Thread-1|[20181207_011250] 
/-TEST COMPLETE-----------------------------------------------------------------
| Test Output:    C:\projects\MyFirstProject\output\20181207_011250\MyFirstProject.20181207_011252.001.xlsx
| Iteration:      1
\-------------------------------------------------------------------------------
» Execution Time: 1476 ms
» Test Steps:     1
» Error(s):       0



2018-12-07 01:12:57,894|I|Thread-1|[20181207_011250] 
/-TEST COMPLETE-----------------------------------------------------------------
| Test Script:    C:\projects\MyFirstProject\artifact\script\MyFirstProject.xlsx
\-------------------------------------------------------------------------------
» Execution Time: 7288 ms
» Iterations:     [1] total 1
» Test Steps:     1
» Passed:         1
» Error(s):       0



2018-12-07 01:12:58,647|I|main|[20181207_011250] [C:\projects\MyFirstProject\artifact\script\MyFirstProject.xlsx] now completed
2018-12-07 01:12:58,649|I|main|[20181207_011250] all execution thread(s) have terminated
2018-12-07 01:12:58,650|I|main|[20181207_011250] test run completed in about 8 seconds
2018-12-07 01:12:58,651|I|main|nexial mailer not enabled: nexial.enableEmail=false
2018-12-07 01:12:58,651|I|main|skipped email notification as configured
2018-12-07 01:12:58,653|I|main|Exiting Nexial...
2018-12-07 01:12:58,656|I|main|

/-END OF EXECUTION--------------------------------------------------------------
| » Execution Time: 8 sec.
| » Test Steps:     1
| » Passed:         1
| » Failed:         0
| » Success Rate:   100.00%
\---------------------------------------------------------------nexial-core dev_0316-

2018-12-07 01:12:58,656|I|main|ALL PASSED!
